preparing computation at Thu Jun  6 11:47:51 CEST 2024 ...
PIPENN_ENV is: reza-tfg-2.14
executing prediction at Thu Jun  6 11:47:51 CEST 2024 ...
2024-06-06 11:47:54.331736: E tensorflow/compiler/xla/stream_executor/cuda/cuda_dnn.cc:9342] Unable to register cuDNN factory: Attempting to register factory for plugin cuDNN when one has already been registered
2024-06-06 11:47:54.331816: E tensorflow/compiler/xla/stream_executor/cuda/cuda_fft.cc:609] Unable to register cuFFT factory: Attempting to register factory for plugin cuFFT when one has already been registered
2024-06-06 11:47:54.331825: E tensorflow/compiler/xla/stream_executor/cuda/cuda_blas.cc:1518] Unable to register cuBLAS factory: Attempting to register factory for plugin cuBLAS when one has already been registered
2024-06-06 11:47:54.338264: I tensorflow/core/platform/cpu_feature_guard.cc:182] This TensorFlow binary is optimized to use available CPU instructions in performance-critical operations.
To enable the following instructions: SSE4.1 SSE4.2 AVX AVX2 FMA, in other operations, rebuild TensorFlow with the appropriate compiler flags.
2024-06-06 11:47:58.204262: E tensorflow/compiler/xla/stream_executor/cuda/cuda_driver.cc:268] failed call to cuInit: CUDA_ERROR_NO_DEVICE: no CUDA-capable device is detected
2024-06-06 11:47:58.204517: I tensorflow/compiler/xla/stream_executor/cuda/cuda_diagnostics.cc:168] retrieving CUDA diagnostic information for host: node009
2024-06-06 11:47:58.204523: I tensorflow/compiler/xla/stream_executor/cuda/cuda_diagnostics.cc:175] hostname: node009
2024-06-06 11:47:58.204665: I tensorflow/compiler/xla/stream_executor/cuda/cuda_diagnostics.cc:199] libcuda reported version is: 530.30.2
2024-06-06 11:47:58.204681: I tensorflow/compiler/xla/stream_executor/cuda/cuda_diagnostics.cc:203] kernel reported version is: 530.30.2
2024-06-06 11:47:58.204686: I tensorflow/compiler/xla/stream_executor/cuda/cuda_diagnostics.cc:309] kernel version seems to match DSO: 530.30.2
$$$$$$ Please install GPU version of TF
The chosen labels are: ['p_interface', 'rel_surf_acc', 'prob_sheet', 'prob_helix', 'prob_coil']
setCondParams, one hot is false
:) setExprDatasetFiles
Batch size: 8
LABEL_DIM 5
inputshape (1170, 1025)
Model: "model"
__________________________________________________________________________________________________
 Layer (type)                Output Shape                 Param #   Connected to                  
==================================================================================================
 input (InputLayer)          [(None, 1170, 1025)]         0         []                            
                                                                                                  
 conv1d (Conv1D)             (None, 1170, 64)             459200    ['input[0][0]']               
                                                                                                  
 dropout (Dropout)           (None, 1170, 64)             0         ['conv1d[0][0]']              
                                                                                                  
 batch_normalization (Batch  (None, 1170, 64)             256       ['dropout[0][0]']             
 Normalization)                                                                                   
                                                                                                  
 p_re_lu (PReLU)             (None, 1170, 64)             74880     ['batch_normalization[0][0]'] 
                                                                                                  
 conv1d_1 (Conv1D)           (None, 1170, 128)            57344     ['p_re_lu[0][0]']             
                                                                                                  
 dropout_1 (Dropout)         (None, 1170, 128)            0         ['conv1d_1[0][0]']            
                                                                                                  
 batch_normalization_1 (Bat  (None, 1170, 128)            512       ['dropout_1[0][0]']           
 chNormalization)                                                                                 
                                                                                                  
 p_re_lu_1 (PReLU)           (None, 1170, 128)            149760    ['batch_normalization_1[0][0]'
                                                                    ]                             
                                                                                                  
 conv1d_2 (Conv1D)           (None, 1170, 128)            114688    ['p_re_lu_1[0][0]']           
                                                                                                  
 dropout_2 (Dropout)         (None, 1170, 128)            0         ['conv1d_2[0][0]']            
                                                                                                  
 batch_normalization_2 (Bat  (None, 1170, 128)            512       ['dropout_2[0][0]']           
 chNormalization)                                                                                 
                                                                                                  
 p_re_lu_2 (PReLU)           (None, 1170, 128)            149760    ['batch_normalization_2[0][0]'
                                                                    ]                             
                                                                                                  
 conv1d_3 (Conv1D)           (None, 1170, 64)             57344     ['p_re_lu_2[0][0]']           
                                                                                                  
 dropout_3 (Dropout)         (None, 1170, 64)             0         ['conv1d_3[0][0]']            
                                                                                                  
 batch_normalization_3 (Bat  (None, 1170, 64)             256       ['dropout_3[0][0]']           
 chNormalization)                                                                                 
                                                                                                  
 p_re_lu_3 (PReLU)           (None, 1170, 64)             74880     ['batch_normalization_3[0][0]'
                                                                    ]                             
                                                                                                  
 conv1d_4 (Conv1D)           (None, 1170, 64)             28672     ['p_re_lu_3[0][0]']           
                                                                                                  
 dropout_4 (Dropout)         (None, 1170, 64)             0         ['conv1d_4[0][0]']            
                                                                                                  
 batch_normalization_4 (Bat  (None, 1170, 64)             256       ['dropout_4[0][0]']           
 chNormalization)                                                                                 
                                                                                                  
 p_re_lu_4 (PReLU)           (None, 1170, 64)             74880     ['batch_normalization_4[0][0]'
                                                                    ]                             
                                                                                                  
 conv1d_5 (Conv1D)           (None, 1170, 64)             28672     ['p_re_lu_4[0][0]']           
                                                                                                  
 dropout_5 (Dropout)         (None, 1170, 64)             0         ['conv1d_5[0][0]']            
                                                                                                  
 batch_normalization_5 (Bat  (None, 1170, 64)             256       ['dropout_5[0][0]']           
 chNormalization)                                                                                 
                                                                                                  
 conv1d_7 (Conv1D)           (None, 1170, 64)             28672     ['p_re_lu_4[0][0]']           
                                                                                                  
 conv1d_8 (Conv1D)           (None, 1170, 64)             28672     ['p_re_lu_4[0][0]']           
                                                                                                  
 conv1d_9 (Conv1D)           (None, 1170, 64)             28672     ['p_re_lu_4[0][0]']           
                                                                                                  
 p_re_lu_5 (PReLU)           (None, 1170, 64)             74880     ['batch_normalization_5[0][0]'
                                                                    ]                             
                                                                                                  
 conv1d_6 (Conv1D)           (None, 1170, 64)             28672     ['p_re_lu_4[0][0]']           
                                                                                                  
 dropout_7 (Dropout)         (None, 1170, 64)             0         ['conv1d_7[0][0]']            
                                                                                                  
 dropout_8 (Dropout)         (None, 1170, 64)             0         ['conv1d_8[0][0]']            
                                                                                                  
 dropout_9 (Dropout)         (None, 1170, 64)             0         ['conv1d_9[0][0]']            
                                                                                                  
 conv1d_10 (Conv1D)          (None, 1170, 32)             14336     ['p_re_lu_5[0][0]']           
                                                                                                  
 dropout_6 (Dropout)         (None, 1170, 64)             0         ['conv1d_6[0][0]']            
                                                                                                  
 batch_normalization_7 (Bat  (None, 1170, 64)             256       ['dropout_7[0][0]']           
 chNormalization)                                                                                 
                                                                                                  
 batch_normalization_8 (Bat  (None, 1170, 64)             256       ['dropout_8[0][0]']           
 chNormalization)                                                                                 
                                                                                                  
 batch_normalization_9 (Bat  (None, 1170, 64)             256       ['dropout_9[0][0]']           
 chNormalization)                                                                                 
                                                                                                  
 dropout_10 (Dropout)        (None, 1170, 32)             0         ['conv1d_10[0][0]']           
                                                                                                  
 batch_normalization_6 (Bat  (None, 1170, 64)             256       ['dropout_6[0][0]']           
 chNormalization)                                                                                 
                                                                                                  
 p_re_lu_7 (PReLU)           (None, 1170, 64)             74880     ['batch_normalization_7[0][0]'
                                                                    ]                             
                                                                                                  
 p_re_lu_8 (PReLU)           (None, 1170, 64)             74880     ['batch_normalization_8[0][0]'
                                                                    ]                             
                                                                                                  
 p_re_lu_9 (PReLU)           (None, 1170, 64)             74880     ['batch_normalization_9[0][0]'
                                                                    ]                             
                                                                                                  
 batch_normalization_10 (Ba  (None, 1170, 32)             128       ['dropout_10[0][0]']          
 tchNormalization)                                                                                
                                                                                                  
 p_re_lu_6 (PReLU)           (None, 1170, 64)             74880     ['batch_normalization_6[0][0]'
                                                                    ]                             
                                                                                                  
 conv1d_12 (Conv1D)          (None, 1170, 32)             14336     ['p_re_lu_7[0][0]']           
                                                                                                  
 conv1d_13 (Conv1D)          (None, 1170, 32)             14336     ['p_re_lu_8[0][0]']           
                                                                                                  
 conv1d_14 (Conv1D)          (None, 1170, 32)             14336     ['p_re_lu_9[0][0]']           
                                                                                                  
 p_re_lu_10 (PReLU)          (None, 1170, 32)             37440     ['batch_normalization_10[0][0]
                                                                    ']                            
                                                                                                  
 conv1d_11 (Conv1D)          (None, 1170, 32)             14336     ['p_re_lu_6[0][0]']           
                                                                                                  
 dropout_12 (Dropout)        (None, 1170, 32)             0         ['conv1d_12[0][0]']           
                                                                                                  
 dropout_13 (Dropout)        (None, 1170, 32)             0         ['conv1d_13[0][0]']           
                                                                                                  
 dropout_14 (Dropout)        (None, 1170, 32)             0         ['conv1d_14[0][0]']           
                                                                                                  
 time_distributed (TimeDist  (None, 1170, 32)             1056      ['p_re_lu_10[0][0]']          
 ributed)                                                                                         
                                                                                                  
 dropout_11 (Dropout)        (None, 1170, 32)             0         ['conv1d_11[0][0]']           
                                                                                                  
 batch_normalization_12 (Ba  (None, 1170, 32)             128       ['dropout_12[0][0]']          
 tchNormalization)                                                                                
                                                                                                  
 batch_normalization_13 (Ba  (None, 1170, 32)             128       ['dropout_13[0][0]']          
 tchNormalization)                                                                                
                                                                                                  
 batch_normalization_14 (Ba  (None, 1170, 32)             128       ['dropout_14[0][0]']          
 tchNormalization)                                                                                
                                                                                                  
 batch_normalization_15 (Ba  (None, 1170, 32)             128       ['time_distributed[0][0]']    
 tchNormalization)                                                                                
                                                                                                  
 batch_normalization_11 (Ba  (None, 1170, 32)             128       ['dropout_11[0][0]']          
 tchNormalization)                                                                                
                                                                                                  
 p_re_lu_12 (PReLU)          (None, 1170, 32)             37440     ['batch_normalization_12[0][0]
                                                                    ']                            
                                                                                                  
 p_re_lu_13 (PReLU)          (None, 1170, 32)             37440     ['batch_normalization_13[0][0]
                                                                    ']                            
                                                                                                  
 p_re_lu_14 (PReLU)          (None, 1170, 32)             37440     ['batch_normalization_14[0][0]
                                                                    ']                            
                                                                                                  
 p_re_lu_15 (PReLU)          (None, 1170, 32)             37440     ['batch_normalization_15[0][0]
                                                                    ']                            
                                                                                                  
 p_re_lu_11 (PReLU)          (None, 1170, 32)             37440     ['batch_normalization_11[0][0]
                                                                    ']                            
                                                                                                  
 time_distributed_2 (TimeDi  (None, 1170, 32)             1056      ['p_re_lu_12[0][0]']          
 stributed)                                                                                       
                                                                                                  
 time_distributed_3 (TimeDi  (None, 1170, 32)             1056      ['p_re_lu_13[0][0]']          
 stributed)                                                                                       
                                                                                                  
 time_distributed_4 (TimeDi  (None, 1170, 32)             1056      ['p_re_lu_14[0][0]']          
 stributed)                                                                                       
                                                                                                  
 time_distributed_5 (TimeDi  (None, 1170, 32)             1056      ['p_re_lu_15[0][0]']          
 stributed)                                                                                       
                                                                                                  
 time_distributed_1 (TimeDi  (None, 1170, 32)             1056      ['p_re_lu_11[0][0]']          
 stributed)                                                                                       
                                                                                                  
 batch_normalization_17 (Ba  (None, 1170, 32)             128       ['time_distributed_2[0][0]']  
 tchNormalization)                                                                                
                                                                                                  
 batch_normalization_18 (Ba  (None, 1170, 32)             128       ['time_distributed_3[0][0]']  
 tchNormalization)                                                                                
                                                                                                  
 batch_normalization_19 (Ba  (None, 1170, 32)             128       ['time_distributed_4[0][0]']  
 tchNormalization)                                                                                
                                                                                                  
 batch_normalization_20 (Ba  (None, 1170, 32)             128       ['time_distributed_5[0][0]']  
 tchNormalization)                                                                                
                                                                                                  
 batch_normalization_16 (Ba  (None, 1170, 32)             128       ['time_distributed_1[0][0]']  
 tchNormalization)                                                                                
                                                                                                  
 p_re_lu_17 (PReLU)          (None, 1170, 32)             37440     ['batch_normalization_17[0][0]
                                                                    ']                            
                                                                                                  
 p_re_lu_18 (PReLU)          (None, 1170, 32)             37440     ['batch_normalization_18[0][0]
                                                                    ']                            
                                                                                                  
 p_re_lu_19 (PReLU)          (None, 1170, 32)             37440     ['batch_normalization_19[0][0]
                                                                    ']                            
                                                                                                  
 p_re_lu_20 (PReLU)          (None, 1170, 32)             37440     ['batch_normalization_20[0][0]
                                                                    ']                            
                                                                                                  
 p_re_lu_16 (PReLU)          (None, 1170, 32)             37440     ['batch_normalization_16[0][0]
                                                                    ']                            
                                                                                                  
 time_distributed_7 (TimeDi  (None, 1170, 32)             1056      ['p_re_lu_17[0][0]']          
 stributed)                                                                                       
                                                                                                  
 time_distributed_8 (TimeDi  (None, 1170, 32)             1056      ['p_re_lu_18[0][0]']          
 stributed)                                                                                       
                                                                                                  
 time_distributed_9 (TimeDi  (None, 1170, 32)             1056      ['p_re_lu_19[0][0]']          
 stributed)                                                                                       
                                                                                                  
 time_distributed_10 (TimeD  (None, 1170, 16)             528       ['p_re_lu_20[0][0]']          
 istributed)                                                                                      
                                                                                                  
 time_distributed_6 (TimeDi  (None, 1170, 32)             1056      ['p_re_lu_16[0][0]']          
 stributed)                                                                                       
                                                                                                  
 batch_normalization_22 (Ba  (None, 1170, 32)             128       ['time_distributed_7[0][0]']  
 tchNormalization)                                                                                
                                                                                                  
 batch_normalization_23 (Ba  (None, 1170, 32)             128       ['time_distributed_8[0][0]']  
 tchNormalization)                                                                                
                                                                                                  
 batch_normalization_24 (Ba  (None, 1170, 32)             128       ['time_distributed_9[0][0]']  
 tchNormalization)                                                                                
                                                                                                  
 batch_normalization_25 (Ba  (None, 1170, 16)             64        ['time_distributed_10[0][0]'] 
 tchNormalization)                                                                                
                                                                                                  
 batch_normalization_21 (Ba  (None, 1170, 32)             128       ['time_distributed_6[0][0]']  
 tchNormalization)                                                                                
                                                                                                  
 p_re_lu_22 (PReLU)          (None, 1170, 32)             37440     ['batch_normalization_22[0][0]
                                                                    ']                            
                                                                                                  
 p_re_lu_23 (PReLU)          (None, 1170, 32)             37440     ['batch_normalization_23[0][0]
                                                                    ']                            
                                                                                                  
 p_re_lu_24 (PReLU)          (None, 1170, 32)             37440     ['batch_normalization_24[0][0]
                                                                    ']                            
                                                                                                  
 p_re_lu_25 (PReLU)          (None, 1170, 16)             18720     ['batch_normalization_25[0][0]
                                                                    ']                            
                                                                                                  
 p_re_lu_21 (PReLU)          (None, 1170, 32)             37440     ['batch_normalization_21[0][0]
                                                                    ']                            
                                                                                                  
 concatenate (Concatenate)   (None, 1170, 96)             0         ['p_re_lu_22[0][0]',          
                                                                     'p_re_lu_23[0][0]',          
                                                                     'p_re_lu_24[0][0]']          
                                                                                                  
 ppi (TimeDistributed)       (None, 1170, 1)              17        ['p_re_lu_25[0][0]']          
                                                                                                  
 rsa (TimeDistributed)       (None, 1170, 1)              33        ['p_re_lu_21[0][0]']          
                                                                                                  
 SS3 (TimeDistributed)       (None, 1170, 3)              291       ['concatenate[0][0]']         
                                                                                                  
==================================================================================================
Total params: 2427653 (18.52 MB)
Trainable params: 2425125 (18.50 MB)
Non-trainable params: 2528 (19.75 KB)
__________________________________________________________________________________________________
:) trainModel

## Starting Training & Testing;; @@ trained on: ../data/prepared_biolip_win_p_training.csv at: 06-06-2024#11:48:01 @@
:) trainKerasModel
## tf-version: 2.14.0|| float_type: float64
Shape featuresTable: (4392, 2) | Shape labelvec: (4392, 5)
Shape inputData: (4392, 1170, 1025)
Shape labelData: (4392, 1170, 5)
truelabels (4392, 1170, 5)
Shape featuresTable: (4392, 1170, 1025) | Shape labelvec: (4392, 1170, 5)
2024-06-06 16:42:42.676774: W tensorflow/tsl/framework/cpu_allocator_impl.cc:83] Allocation of 33703722000 exceeds 10% of free system memory.
labelData.shape (4392, 1170, 5) | trainY.shape (3513, 1170, 5) | valY.shape (879, 1170, 5)
:) trainKerasModel MULTI_TASK_MODEL
:) ModelCheckPoint setValset
mtloss_bce (None, 1170, 1) (None, 1170, 1)
mtloss_mse (None, 1170, 1) (None, 1170, 1)
mtloss_mse (None, 1170, 3) (None, 1170, 3)
mtloss_bce (None, 1170, 1) (None, 1170, 1)
mtloss_mse (None, 1170, 1) (None, 1170, 1)
mtloss_mse (None, 1170, 3) (None, 1170, 3)
mtloss_bce (None, 1170, 1) (None, 1170, 1)
mtloss_mse (None, 1170, 1) (None, 1170, 1)
mtloss_mse (None, 1170, 3) (None, 1170, 3)
confusion_matrix: [actual_neg=[TN, FP]; actual_pos=[FN, TP]]
[[ 28330 207001]
 [  1819  30139]]
The best cut-off value is: 0.67
Training Metrics ppi, Epoch:0  ValAcc: 0.21874824628024347 specScore: 12.04% presScore: 12.71% recallScore: 94.31% F1Score: 22.40% MCC: 6.51% AUC: 64.11% AP: 20.13%
Training Metrics rsa,  pcc: 10.48%, pvalue: 0.00%
Training Metrics ss3,  pcc: 86.32%, pvalue: 0.00%
confusion_matrix: [actual_neg=[TN, FP]; actual_pos=[FN, TP]]
[[206040  29291]
 [ 20785  11173]]
The best cut-off value is: 0.70
Training Metrics ppi, Epoch:1  ValAcc: 0.8126522228748658 specScore: 87.55% presScore: 27.61% recallScore: 34.96% F1Score: 30.86% MCC: 20.38% AUC: 69.44% AP: 24.47%
Training Metrics rsa,  pcc: 21.34%, pvalue: 0.00%
Training Metrics ss3,  pcc: 86.94%, pvalue: 0.00%
confusion_matrix: [actual_neg=[TN, FP]; actual_pos=[FN, TP]]
[[218233  17098]
 [ 22992   8966]]
The best cut-off value is: 0.68
Training Metrics ppi, Epoch:2  ValAcc: 0.8500125332505266 specScore: 92.73% presScore: 34.40% recallScore: 28.06% F1Score: 30.91% MCC: 22.74% AUC: 71.66% AP: 27.25%
Training Metrics rsa,  pcc: 32.65%, pvalue: 0.00%
Training Metrics ss3,  pcc: 87.87%, pvalue: 0.00%
confusion_matrix: [actual_neg=[TN, FP]; actual_pos=[FN, TP]]
[[217079  18252]
 [ 21844  10114]]
The best cut-off value is: 0.66
Training Metrics ppi, Epoch:3  ValAcc: 0.8499900856376431 specScore: 92.24% presScore: 35.66% recallScore: 31.65% F1Score: 33.53% MCC: 25.17% AUC: 73.80% AP: 29.50%
Training Metrics rsa,  pcc: 37.88%, pvalue: 0.00%
Training Metrics ss3,  pcc: 88.02%, pvalue: 0.00%
confusion_matrix: [actual_neg=[TN, FP]; actual_pos=[FN, TP]]
[[218249  17082]
 [ 21779  10179]]
The best cut-off value is: 0.65
Training Metrics ppi, Epoch:4  ValAcc: 0.8546105526228165 specScore: 92.74% presScore: 37.34% recallScore: 31.85% F1Score: 34.38% MCC: 26.37% AUC: 75.33% AP: 31.11%
Training Metrics rsa,  pcc: 40.16%, pvalue: 0.00%
Training Metrics ss3,  pcc: 88.08%, pvalue: 0.00%
confusion_matrix: [actual_neg=[TN, FP]; actual_pos=[FN, TP]]
[[214186  21145]
 [ 19888  12070]]
The best cut-off value is: 0.65
Training Metrics ppi, Epoch:5  ValAcc: 0.8464845167590137 specScore: 91.01% presScore: 36.34% recallScore: 37.77% F1Score: 37.04% MCC: 28.31% AUC: 76.48% AP: 32.47%
Training Metrics rsa,  pcc: 36.98%, pvalue: 0.00%
Training Metrics ss3,  pcc: 88.08%, pvalue: 0.00%
confusion_matrix: [actual_neg=[TN, FP]; actual_pos=[FN, TP]]
[[211014  24317]
 [ 18672  13286]]
The best cut-off value is: 0.67
Training Metrics ppi, Epoch:6  ValAcc: 0.8391665949590144 specScore: 89.67% presScore: 35.33% recallScore: 41.57% F1Score: 38.20% MCC: 29.15% AUC: 77.25% AP: 33.23%
Training Metrics rsa,  pcc: 38.52%, pvalue: 0.00%
Training Metrics ss3,  pcc: 88.10%, pvalue: 0.00%
confusion_matrix: [actual_neg=[TN, FP]; actual_pos=[FN, TP]]
[[214710  20621]
 [ 19640  12318]]
The best cut-off value is: 0.67
Training Metrics ppi, Epoch:7  ValAcc: 0.8493727762833487 specScore: 91.24% presScore: 37.40% recallScore: 38.54% F1Score: 37.96% MCC: 29.40% AUC: 77.75% AP: 33.81%
Training Metrics rsa,  pcc: 31.88%, pvalue: 0.00%
Training Metrics ss3,  pcc: 88.09%, pvalue: 0.00%
confusion_matrix: [actual_neg=[TN, FP]; actual_pos=[FN, TP]]
[[211077  24254]
 [ 18280  13678]]
The best cut-off value is: 0.70
Training Metrics ppi, Epoch:8  ValAcc: 0.8408688722693414 specScore: 89.69% presScore: 36.06% recallScore: 42.80% F1Score: 39.14% MCC: 30.21% AUC: 78.03% AP: 34.43%
Training Metrics rsa,  pcc: 32.43%, pvalue: 0.00%
Training Metrics ss3,  pcc: 88.10%, pvalue: 0.00%
confusion_matrix: [actual_neg=[TN, FP]; actual_pos=[FN, TP]]
[[218012  17319]
 [ 20531  11427]]
The best cut-off value is: 0.68
Training Metrics ppi, Epoch:9  ValAcc: 0.858392975393675 specScore: 92.64% presScore: 39.75% recallScore: 35.76% F1Score: 37.65% MCC: 29.74% AUC: 78.06% AP: 34.63%
Training Metrics rsa,  pcc: 42.57%, pvalue: 0.00%
Training Metrics ss3,  pcc: 88.13%, pvalue: 0.00%
confusion_matrix: [actual_neg=[TN, FP]; actual_pos=[FN, TP]]
[[212025  23306]
 [ 18643  13315]]
The best cut-off value is: 0.70
Training Metrics ppi, Epoch:10  ValAcc: 0.8430575145254762 specScore: 90.10% presScore: 36.36% recallScore: 41.66% F1Score: 38.83% MCC: 29.97% AUC: 78.16% AP: 34.45%
Training Metrics rsa,  pcc: 40.34%, pvalue: 0.00%
Training Metrics ss3,  pcc: 88.13%, pvalue: 0.00%
confusion_matrix: [actual_neg=[TN, FP]; actual_pos=[FN, TP]]
[[218179  17152]
 [ 20683  11275]]
The best cut-off value is: 0.69
Training Metrics ppi, Epoch:11  ValAcc: 0.8584490944258836 specScore: 92.71% presScore: 39.66% recallScore: 35.28% F1Score: 37.34% MCC: 29.46% AUC: 78.21% AP: 34.78%
Training Metrics rsa,  pcc: 42.38%, pvalue: 0.00%
Training Metrics ss3,  pcc: 88.14%, pvalue: 0.00%
confusion_matrix: [actual_neg=[TN, FP]; actual_pos=[FN, TP]]
[[222545  12786]
 [ 22368   9590]]
The best cut-off value is: 0.63
Training Metrics ppi, Epoch:12  ValAcc: 0.8684794361159643 specScore: 94.57% presScore: 42.86% recallScore: 30.01% F1Score: 35.30% MCC: 28.79% AUC: 77.72% AP: 34.74%
Training Metrics rsa,  pcc: 38.28%, pvalue: 0.00%
Training Metrics ss3,  pcc: 88.11%, pvalue: 0.00%
confusion_matrix: [actual_neg=[TN, FP]; actual_pos=[FN, TP]]
[[214184  21147]
 [ 19006  12952]]
The best cut-off value is: 0.64
Training Metrics ppi, Epoch:13  ValAcc: 0.8497768333152506 specScore: 91.01% presScore: 37.98% recallScore: 40.53% F1Score: 39.21% MCC: 30.68% AUC: 77.81% AP: 34.87%
Training Metrics rsa,  pcc: 50.13%, pvalue: 0.00%
Training Metrics ss3,  pcc: 88.11%, pvalue: 0.00%
confusion_matrix: [actual_neg=[TN, FP]; actual_pos=[FN, TP]]
[[224390  10941]
 [ 23367   8591]]
The best cut-off value is: 0.52
Training Metrics ppi, Epoch:14  ValAcc: 0.8716445495325285 specScore: 95.35% presScore: 43.98% recallScore: 26.88% F1Score: 33.37% MCC: 27.72% AUC: 77.01% AP: 34.18%
Training Metrics rsa,  pcc: 37.66%, pvalue: 0.00%
Training Metrics ss3,  pcc: 88.08%, pvalue: 0.00%
confusion_matrix: [actual_neg=[TN, FP]; actual_pos=[FN, TP]]
[[213550  21781]
 [ 19006  12952]]
The best cut-off value is: 0.55
Training Metrics ppi, Epoch:15  ValAcc: 0.8474048688872344 specScore: 90.74% presScore: 37.29% recallScore: 40.53% F1Score: 38.84% MCC: 30.18% AUC: 77.40% AP: 34.64%
Training Metrics rsa,  pcc: 47.43%, pvalue: 0.00%
Training Metrics ss3,  pcc: 88.13%, pvalue: 0.00%
confusion_matrix: [actual_neg=[TN, FP]; actual_pos=[FN, TP]]
[[219862  15469]
 [ 21316  10642]]
The best cut-off value is: 0.48
Training Metrics ppi, Epoch:16  ValAcc: 0.8623774266804844 specScore: 93.43% presScore: 40.76% recallScore: 33.30% F1Score: 36.65% MCC: 29.21% AUC: 77.06% AP: 34.40%
Training Metrics rsa,  pcc: 45.11%, pvalue: 0.00%
Training Metrics ss3,  pcc: 88.11%, pvalue: 0.00%
confusion_matrix: [actual_neg=[TN, FP]; actual_pos=[FN, TP]]
[[216516  18815]
 [ 20328  11630]]
The best cut-off value is: 0.46
Training Metrics ppi, Epoch:17  ValAcc: 0.8535555148172952 specScore: 92.00% presScore: 38.20% recallScore: 36.39% F1Score: 37.27% MCC: 29.00% AUC: 76.63% AP: 34.00%
Training Metrics rsa,  pcc: 38.80%, pvalue: 0.00%
Training Metrics ss3,  pcc: 88.10%, pvalue: 0.00%
confusion_matrix: [actual_neg=[TN, FP]; actual_pos=[FN, TP]]
[[221238  14093]
 [ 22031   9927]]
The best cut-off value is: 0.33
Training Metrics ppi, Epoch:18  ValAcc: 0.864850405366476 specScore: 94.01% presScore: 41.33% recallScore: 31.06% F1Score: 35.47% MCC: 28.45% AUC: 76.57% AP: 34.04%
Training Metrics rsa,  pcc: 39.91%, pvalue: 0.00%
Training Metrics ss3,  pcc: 88.10%, pvalue: 0.00%
confusion_matrix: [actual_neg=[TN, FP]; actual_pos=[FN, TP]]
[[218566  16765]
 [ 21150  10808]]
The best cut-off value is: 0.25
Training Metrics ppi, Epoch:19  ValAcc: 0.8581497929207712 specScore: 92.88% presScore: 39.20% recallScore: 33.82% F1Score: 36.31% MCC: 28.48% AUC: 76.05% AP: 33.56%
Training Metrics rsa,  pcc: 43.42%, pvalue: 0.00%
Training Metrics ss3,  pcc: 88.11%, pvalue: 0.00%
confusion_matrix: [actual_neg=[TN, FP]; actual_pos=[FN, TP]]
[[218680  16651]
 [ 21393  10565]]
The best cut-off value is: 0.17
Training Metrics ppi, Epoch:20  ValAcc: 0.8576671692437773 specScore: 92.92% presScore: 38.82% recallScore: 33.06% F1Score: 35.71% MCC: 27.88% AUC: 75.50% AP: 33.02%
Training Metrics rsa,  pcc: 39.60%, pvalue: 0.00%
Training Metrics ss3,  pcc: 88.10%, pvalue: 0.00%
confusion_matrix: [actual_neg=[TN, FP]; actual_pos=[FN, TP]]
[[208049  27282]
 [ 17908  14050]]
The best cut-off value is: 0.31
Training Metrics ppi, Epoch:21  ValAcc: 0.8309320622996083 specScore: 88.41% presScore: 33.99% recallScore: 43.96% F1Score: 38.34% MCC: 29.05% AUC: 76.28% AP: 33.75%
Training Metrics rsa,  pcc: 47.47%, pvalue: 0.00%
Training Metrics ss3,  pcc: 88.16%, pvalue: 0.00%
confusion_matrix: [actual_neg=[TN, FP]; actual_pos=[FN, TP]]
[[214668  20663]
 [ 19759  12199]]
The best cut-off value is: 0.32
Training Metrics ppi, Epoch:22  ValAcc: 0.8487704320043099 specScore: 91.22% presScore: 37.12% recallScore: 38.17% F1Score: 37.64% MCC: 29.04% AUC: 76.43% AP: 33.97%
Training Metrics rsa,  pcc: 53.03%, pvalue: 0.00%
Training Metrics ss3,  pcc: 88.24%, pvalue: 0.00%
confusion_matrix: [actual_neg=[TN, FP]; actual_pos=[FN, TP]]
[[224072  11259]
 [ 23409   8549]]
The best cut-off value is: 0.11
Training Metrics ppi, Epoch:23  ValAcc: 0.8702976927595225 specScore: 95.22% presScore: 43.16% recallScore: 26.75% F1Score: 33.03% MCC: 27.21% AUC: 75.71% AP: 33.32%
Training Metrics rsa,  pcc: 46.39%, pvalue: 0.00%
Training Metrics ss3,  pcc: 88.15%, pvalue: 0.00%
confusion_matrix: [actual_neg=[TN, FP]; actual_pos=[FN, TP]]
[[214249  21082]
 [ 19647  12311]]
The best cut-off value is: 0.12
Training Metrics ppi, Epoch:24  ValAcc: 0.847621862478441 specScore: 91.04% presScore: 36.87% recallScore: 38.52% F1Score: 37.68% MCC: 29.01% AUC: 75.68% AP: 33.61%
Training Metrics rsa,  pcc: 49.05%, pvalue: 0.00%
Training Metrics ss3,  pcc: 88.15%, pvalue: 0.00%
confusion_matrix: [actual_neg=[TN, FP]; actual_pos=[FN, TP]]
[[217389  17942]
 [ 20753  11205]]
The best cut-off value is: 0.10
Training Metrics ppi, Epoch:25  ValAcc: 0.8552316032459248 specScore: 92.38% presScore: 38.44% recallScore: 35.06% F1Score: 36.67% MCC: 28.56% AUC: 75.92% AP: 33.66%
Training Metrics rsa,  pcc: 53.41%, pvalue: 0.00%
Training Metrics ss3,  pcc: 88.19%, pvalue: 0.00%
confusion_matrix: [actual_neg=[TN, FP]; actual_pos=[FN, TP]]
[[220508  14823]
 [ 22052   9906]]
The best cut-off value is: 0.05
Training Metrics ppi, Epoch:26  ValAcc: 0.8620407124872329 specScore: 93.70% presScore: 40.06% recallScore: 31.00% F1Score: 34.95% MCC: 27.66% AUC: 75.03% AP: 32.71%
Training Metrics rsa,  pcc: 48.55%, pvalue: 0.00%
Training Metrics ss3,  pcc: 88.15%, pvalue: 0.00%
confusion_matrix: [actual_neg=[TN, FP]; actual_pos=[FN, TP]]
[[214326  21005]
 [ 20018  11940]]
The best cut-off value is: 0.05
Training Metrics ppi, Epoch:27  ValAcc: 0.8465219294471527 specScore: 91.07% presScore: 36.24% recallScore: 37.36% F1Score: 36.79% MCC: 28.07% AUC: 74.91% AP: 32.83%
Training Metrics rsa,  pcc: 44.74%, pvalue: 0.00%
Training Metrics ss3,  pcc: 88.10%, pvalue: 0.00%
confusion_matrix: [actual_neg=[TN, FP]; actual_pos=[FN, TP]]
[[217046  18285]
 [ 21050  10908]]
The best cut-off value is: 0.04
Training Metrics ppi, Epoch:28  ValAcc: 0.8528371912050253 specScore: 92.23% presScore: 37.37% recallScore: 34.13% F1Score: 35.68% MCC: 27.42% AUC: 74.74% AP: 32.37%
Training Metrics rsa,  pcc: 48.29%, pvalue: 0.00%
Training Metrics ss3,  pcc: 88.15%, pvalue: 0.00%
confusion_matrix: [actual_neg=[TN, FP]; actual_pos=[FN, TP]]
[[213092  22239]
 [ 19684  12274]]
The best cut-off value is: 0.05
Training Metrics ppi, Epoch:29  ValAcc: 0.8431547875146377 specScore: 90.55% presScore: 35.56% recallScore: 38.41% F1Score: 36.93% MCC: 28.02% AUC: 75.19% AP: 33.09%
Training Metrics rsa,  pcc: 48.30%, pvalue: 0.00%
Training Metrics ss3,  pcc: 88.15%, pvalue: 0.00%
confusion_matrix: [actual_neg=[TN, FP]; actual_pos=[FN, TP]]
[[216194  19137]
 [ 20914  11044]]
The best cut-off value is: 0.05
Training Metrics ppi, Epoch:30  ValAcc: 0.8501584427342689 specScore: 91.87% presScore: 36.59% recallScore: 34.56% F1Score: 35.55% MCC: 27.09% AUC: 73.97% AP: 31.78%
Training Metrics rsa,  pcc: 47.65%, pvalue: 0.00%
Training Metrics ss3,  pcc: 88.12%, pvalue: 0.00%
confusion_matrix: [actual_neg=[TN, FP]; actual_pos=[FN, TP]]
[[220257  15074]
 [ 22467   9491]]
The best cut-off value is: 0.02
Training Metrics ppi, Epoch:31  ValAcc: 0.8595490274571719 specScore: 93.59% presScore: 38.64% recallScore: 29.70% F1Score: 33.58% MCC: 26.16% AUC: 73.72% AP: 31.47%
Training Metrics rsa,  pcc: 51.45%, pvalue: 0.00%
Training Metrics ss3,  pcc: 88.11%, pvalue: 0.00%
confusion_matrix: [actual_neg=[TN, FP]; actual_pos=[FN, TP]]
[[212387  22944]
 [ 19521  12437]]
The best cut-off value is: 0.03
Training Metrics ppi, Epoch:32  ValAcc: 0.8411270198175009 specScore: 90.25% presScore: 35.15% recallScore: 38.92% F1Score: 36.94% MCC: 27.92% AUC: 74.87% AP: 32.76%
Training Metrics rsa,  pcc: 52.07%, pvalue: 0.00%
Training Metrics ss3,  pcc: 88.08%, pvalue: 0.00%
confusion_matrix: [actual_neg=[TN, FP]; actual_pos=[FN, TP]]
[[215102  20229]
 [ 20708  11250]]
The best cut-off value is: 0.03
Training Metrics ppi, Epoch:33  ValAcc: 0.8468436785651486 specScore: 91.40% presScore: 35.74% recallScore: 35.20% F1Score: 35.47% MCC: 26.78% AUC: 74.09% AP: 31.81%
Training Metrics rsa,  pcc: 45.53%, pvalue: 0.00%
Training Metrics ss3,  pcc: 88.03%, pvalue: 0.00%
confusion_matrix: [actual_neg=[TN, FP]; actual_pos=[FN, TP]]
[[210425  24906]
 [ 18990  12968]]
The best cut-off value is: 0.05
Training Metrics ppi, Epoch:34  ValAcc: 0.835773264144802 specScore: 89.42% presScore: 34.24% recallScore: 40.58% F1Score: 37.14% MCC: 27.91% AUC: 75.34% AP: 32.88%
Training Metrics rsa,  pcc: 53.13%, pvalue: 0.00%
Training Metrics ss3,  pcc: 88.13%, pvalue: 0.00%
confusion_matrix: [actual_neg=[TN, FP]; actual_pos=[FN, TP]]
[[223963  11368]
 [ 23754   8204]]
The best cut-off value is: 0.01
Training Metrics ppi, Epoch:35  ValAcc: 0.8685991567180094 specScore: 95.17% presScore: 41.92% recallScore: 25.67% F1Score: 31.84% MCC: 25.96% AUC: 74.27% AP: 32.06%
Training Metrics rsa,  pcc: 52.15%, pvalue: 0.00%
Training Metrics ss3,  pcc: 88.04%, pvalue: 0.00%
confusion_matrix: [actual_neg=[TN, FP]; actual_pos=[FN, TP]]
[[211119  24212]
 [ 19401  12557]]
The best cut-off value is: 0.02
Training Metrics ppi, Epoch:36  ValAcc: 0.8368320432191373 specScore: 89.71% presScore: 34.15% recallScore: 39.29% F1Score: 36.54% MCC: 27.32% AUC: 74.89% AP: 32.48%
Training Metrics rsa,  pcc: 52.34%, pvalue: 0.00%
Training Metrics ss3,  pcc: 88.12%, pvalue: 0.00%
confusion_matrix: [actual_neg=[TN, FP]; actual_pos=[FN, TP]]
[[217241  18090]
 [ 21251  10707]]
The best cut-off value is: 0.02
Training Metrics ppi, Epoch:37  ValAcc: 0.8528147435921418 specScore: 92.31% presScore: 37.18% recallScore: 33.50% F1Score: 35.25% MCC: 27.02% AUC: 74.43% AP: 32.24%
Training Metrics rsa,  pcc: 46.93%, pvalue: 0.00%
Training Metrics ss3,  pcc: 88.09%, pvalue: 0.00%
confusion_matrix: [actual_neg=[TN, FP]; actual_pos=[FN, TP]]
[[209164  26167]
 [ 18852  13106]]
The best cut-off value is: 0.03
Training Metrics ppi, Epoch:38  ValAcc: 0.8315718192667861 specScore: 88.88% presScore: 33.37% recallScore: 41.01% F1Score: 36.80% MCC: 27.39% AUC: 75.10% AP: 32.71%
Training Metrics rsa,  pcc: 53.62%, pvalue: 0.00%
Training Metrics ss3,  pcc: 88.08%, pvalue: 0.00%
confusion_matrix: [actual_neg=[TN, FP]; actual_pos=[FN, TP]]
[[219253  16078]
 [ 21839  10119]]
The best cut-off value is: 0.01
Training Metrics ppi, Epoch:39  ValAcc: 0.8581423103831434 specScore: 93.17% presScore: 38.63% recallScore: 31.66% F1Score: 34.80% MCC: 27.10% AUC: 74.26% AP: 32.14%
Training Metrics rsa,  pcc: 51.87%, pvalue: 0.00%
Training Metrics ss3,  pcc: 88.09%, pvalue: 0.00%
confusion_matrix: [actual_neg=[TN, FP]; actual_pos=[FN, TP]]
[[212698  22633]
 [ 19538  12420]]
The best cut-off value is: 0.02
Training Metrics ppi, Epoch:40  ValAcc: 0.8422269528487891 specScore: 90.38% presScore: 35.43% recallScore: 38.86% F1Score: 37.07% MCC: 28.11% AUC: 75.36% AP: 33.07%
Training Metrics rsa,  pcc: 54.12%, pvalue: 0.00%
Training Metrics ss3,  pcc: 88.14%, pvalue: 0.00%
confusion_matrix: [actual_neg=[TN, FP]; actual_pos=[FN, TP]]
[[220204  15127]
 [ 21990   9968]]
The best cut-off value is: 0.01
Training Metrics ppi, Epoch:41  ValAcc: 0.8611353254342677 specScore: 93.57% presScore: 39.72% recallScore: 31.19% F1Score: 34.94% MCC: 27.55% AUC: 74.98% AP: 32.78%
Training Metrics rsa,  pcc: 53.24%, pvalue: 0.00%
Training Metrics ss3,  pcc: 88.06%, pvalue: 0.00%
confusion_matrix: [actual_neg=[TN, FP]; actual_pos=[FN, TP]]
[[208962  26369]
 [ 18505  13453]]
The best cut-off value is: 0.02
Training Metrics ppi, Epoch:42  ValAcc: 0.8321143032448024 specScore: 88.79% presScore: 33.78% recallScore: 42.10% F1Score: 37.48% MCC: 28.15% AUC: 75.18% AP: 33.12%
Training Metrics rsa,  pcc: 53.95%, pvalue: 0.00%
Training Metrics ss3,  pcc: 88.09%, pvalue: 0.00%
confusion_matrix: [actual_neg=[TN, FP]; actual_pos=[FN, TP]]
[[216424  18907]
 [ 20718  11240]]
The best cut-off value is: 0.02
Training Metrics ppi, Epoch:43  ValAcc: 0.8517522232489927 specScore: 91.97% presScore: 37.28% recallScore: 35.17% F1Score: 36.20% MCC: 27.83% AUC: 74.99% AP: 32.81%
Training Metrics rsa,  pcc: 53.91%, pvalue: 0.00%
Training Metrics ss3,  pcc: 88.10%, pvalue: 0.00%
confusion_matrix: [actual_neg=[TN, FP]; actual_pos=[FN, TP]]
[[219358  15973]
 [ 21873  10085]]
The best cut-off value is: 0.01
Training Metrics ppi, Epoch:44  ValAcc: 0.8584079404689307 specScore: 93.21% presScore: 38.70% recallScore: 31.56% F1Score: 34.77% MCC: 27.09% AUC: 74.77% AP: 32.36%
Training Metrics rsa,  pcc: 49.95%, pvalue: 0.00%
Training Metrics ss3,  pcc: 88.11%, pvalue: 0.00%
confusion_matrix: [actual_neg=[TN, FP]; actual_pos=[FN, TP]]
[[210589  24742]
 [ 19148  12810]]
The best cut-off value is: 0.01
Training Metrics ppi, Epoch:45  ValAcc: 0.8357957117576855 specScore: 89.49% presScore: 34.11% recallScore: 40.08% F1Score: 36.86% MCC: 27.61% AUC: 74.96% AP: 32.29%
Training Metrics rsa,  pcc: 54.12%, pvalue: 0.00%
Training Metrics ss3,  pcc: 88.08%, pvalue: 0.00%
confusion_matrix: [actual_neg=[TN, FP]; actual_pos=[FN, TP]]
[[208265  27066]
 [ 18435  13523]]
The best cut-off value is: 0.03
Training Metrics ppi, Epoch:46  ValAcc: 0.8297685276984836 specScore: 88.50% presScore: 33.32% recallScore: 42.31% F1Score: 37.28% MCC: 27.86% AUC: 75.71% AP: 33.13%
Training Metrics rsa,  pcc: 54.11%, pvalue: 0.00%
Training Metrics ss3,  pcc: 88.14%, pvalue: 0.00%
confusion_matrix: [actual_neg=[TN, FP]; actual_pos=[FN, TP]]
[[215937  19394]
 [ 20792  11166]]
The best cut-off value is: 0.02
Training Metrics ppi, Epoch:47  ValAcc: 0.8496533714443917 specScore: 91.76% presScore: 36.54% recallScore: 34.94% F1Score: 35.72% MCC: 27.22% AUC: 74.59% AP: 32.24%
Training Metrics rsa,  pcc: 53.91%, pvalue: 0.00%
Training Metrics ss3,  pcc: 88.14%, pvalue: 0.00%
confusion_matrix: [actual_neg=[TN, FP]; actual_pos=[FN, TP]]
[[218015  17316]
 [ 21288  10670]]
The best cut-off value is: 0.02
Training Metrics ppi, Epoch:48  ValAcc: 0.8555720587079902 specScore: 92.64% presScore: 38.13% recallScore: 33.39% F1Score: 35.60% MCC: 27.58% AUC: 75.52% AP: 32.92%
Training Metrics rsa,  pcc: 54.00%, pvalue: 0.00%
Training Metrics ss3,  pcc: 88.01%, pvalue: 0.00%
confusion_matrix: [actual_neg=[TN, FP]; actual_pos=[FN, TP]]
[[207472  27859]
 [ 17988  13970]]
The best cut-off value is: 0.04
Training Metrics ppi, Epoch:49  ValAcc: 0.8284740486888723 specScore: 88.16% presScore: 33.40% recallScore: 43.71% F1Score: 37.87% MCC: 28.47% AUC: 75.89% AP: 33.56%
Training Metrics rsa,  pcc: 53.71%, pvalue: 0.00%
Training Metrics ss3,  pcc: 88.08%, pvalue: 0.00%
confusion_matrix: [actual_neg=[TN, FP]; actual_pos=[FN, TP]]
[[204382  30949]
 [ 17852  14106]]
The best cut-off value is: 0.12
Training Metrics ppi, Epoch:50  ValAcc: 0.8174223406125953 specScore: 86.85% presScore: 31.31% recallScore: 44.14% F1Score: 36.63% MCC: 26.86% AUC: 75.12% AP: 32.34%
Training Metrics rsa,  pcc: 53.64%, pvalue: 0.00%
Training Metrics ss3,  pcc: 87.95%, pvalue: 0.00%
confusion_matrix: [actual_neg=[TN, FP]; actual_pos=[FN, TP]]
[[219189  16142]
 [ 21607  10351]]
The best cut-off value is: 0.06
Training Metrics ppi, Epoch:51  ValAcc: 0.8587708435438794 specScore: 93.14% presScore: 39.07% recallScore: 32.39% F1Score: 35.42% MCC: 27.72% AUC: 75.76% AP: 33.10%
Training Metrics rsa,  pcc: 53.70%, pvalue: 0.00%
Training Metrics ss3,  pcc: 88.02%, pvalue: 0.00%
confusion_matrix: [actual_neg=[TN, FP]; actual_pos=[FN, TP]]
[[217602  17729]
 [ 21089  10869]]
The best cut-off value is: 0.04
Training Metrics ppi, Epoch:52  ValAcc: 0.8547714271818144 specScore: 92.47% presScore: 38.01% recallScore: 34.01% F1Score: 35.90% MCC: 27.79% AUC: 75.70% AP: 33.17%
Training Metrics rsa,  pcc: 53.38%, pvalue: 0.00%
Training Metrics ss3,  pcc: 88.07%, pvalue: 0.00%
confusion_matrix: [actual_neg=[TN, FP]; actual_pos=[FN, TP]]
[[222415  12916]
 [ 23138   8820]]
The best cut-off value is: 0.01
Training Metrics ppi, Epoch:53  ValAcc: 0.8651122941834494 specScore: 94.51% presScore: 40.58% recallScore: 27.60% F1Score: 32.85% MCC: 26.25% AUC: 74.15% AP: 32.03%
Training Metrics rsa,  pcc: 53.38%, pvalue: 0.00%
Training Metrics ss3,  pcc: 88.10%, pvalue: 0.00%
confusion_matrix: [actual_neg=[TN, FP]; actual_pos=[FN, TP]]
[[181324  54007]
 [ 13488  18470]]
The best cut-off value is: 0.10
Training Metrics ppi, Epoch:54  ValAcc: 0.7474830614054451 specScore: 77.05% presScore: 25.48% recallScore: 57.79% F1Score: 35.37% MCC: 25.43% AUC: 74.94% AP: 32.11%
Training Metrics rsa,  pcc: 53.28%, pvalue: 0.00%
Training Metrics ss3,  pcc: 88.02%, pvalue: 0.00%
confusion_matrix: [actual_neg=[TN, FP]; actual_pos=[FN, TP]]
[[215989  19342]
 [ 20607  11351]]
The best cut-off value is: 0.09
Training Metrics ppi, Epoch:55  ValAcc: 0.8505400521532873 specScore: 91.78% presScore: 36.98% recallScore: 35.52% F1Score: 36.24% MCC: 27.78% AUC: 75.60% AP: 32.89%
Training Metrics rsa,  pcc: 53.61%, pvalue: 0.00%
Training Metrics ss3,  pcc: 87.93%, pvalue: 0.00%
confusion_matrix: [actual_neg=[TN, FP]; actual_pos=[FN, TP]]
[[208919  26412]
 [ 19051  12907]]
The best cut-off value is: 0.17
Training Metrics ppi, Epoch:56  ValAcc: 0.829910695913412 specScore: 88.78% presScore: 32.83% recallScore: 40.39% F1Score: 36.22% MCC: 26.71% AUC: 75.04% AP: 31.82%
Training Metrics rsa,  pcc: 53.47%, pvalue: 0.00%
Training Metrics ss3,  pcc: 87.70%, pvalue: 0.00%
confusion_matrix: [actual_neg=[TN, FP]; actual_pos=[FN, TP]]
[[227993   7338]
 [ 25638   6320]]
The best cut-off value is: 0.01
Training Metrics ppi, Epoch:57  ValAcc: 0.8766279195926506 specScore: 96.88% presScore: 46.27% recallScore: 19.78% F1Score: 27.71% MCC: 24.54% AUC: 74.60% AP: 32.31%
Training Metrics rsa,  pcc: 54.25%, pvalue: 0.00%
Training Metrics ss3,  pcc: 88.24%, pvalue: 0.00%
confusion_matrix: [actual_neg=[TN, FP]; actual_pos=[FN, TP]]
[[200660  34671]
 [ 16505  15453]]
The best cut-off value is: 0.03
Training Metrics ppi, Epoch:58  ValAcc: 0.8085368271795697 specScore: 85.27% presScore: 30.83% recallScore: 48.35% F1Score: 37.65% MCC: 27.95% AUC: 75.73% AP: 33.15%
Training Metrics rsa,  pcc: 53.52%, pvalue: 0.00%
Training Metrics ss3,  pcc: 88.05%, pvalue: 0.00%
confusion_matrix: [actual_neg=[TN, FP]; actual_pos=[FN, TP]]
[[203168  32163]
 [ 17334  14624]]
The best cut-off value is: 0.12
Training Metrics ppi, Epoch:59  ValAcc: 0.8148184175181171 specScore: 86.33% presScore: 31.26% recallScore: 45.76% F1Score: 37.14% MCC: 27.40% AUC: 75.09% AP: 32.59%
Training Metrics rsa,  pcc: 53.46%, pvalue: 0.00%
Training Metrics ss3,  pcc: 87.97%, pvalue: 0.00%
confusion_matrix: [actual_neg=[TN, FP]; actual_pos=[FN, TP]]
[[206758  28573]
 [ 18602  13356]]
The best cut-off value is: 0.27
Training Metrics ppi, Epoch:60  ValAcc: 0.8235056437040058 specScore: 87.86% presScore: 31.85% recallScore: 41.79% F1Score: 36.15% MCC: 26.45% AUC: 74.73% AP: 32.00%
Training Metrics rsa,  pcc: 53.45%, pvalue: 0.00%
Training Metrics ss3,  pcc: 88.00%, pvalue: 0.00%
confusion_matrix: [actual_neg=[TN, FP]; actual_pos=[FN, TP]]
[[223208  12123]
 [ 23756   8202]]
The best cut-off value is: 0.09
Training Metrics ppi, Epoch:61  ValAcc: 0.8657670162258828 specScore: 94.85% presScore: 40.35% recallScore: 25.66% F1Score: 31.38% MCC: 25.11% AUC: 73.87% AP: 31.09%
Training Metrics rsa,  pcc: 54.07%, pvalue: 0.00%
Training Metrics ss3,  pcc: 88.08%, pvalue: 0.00%
confusion_matrix: [actual_neg=[TN, FP]; actual_pos=[FN, TP]]
[[203915  31416]
 [ 17775  14183]]
The best cut-off value is: 0.26
Training Metrics ppi, Epoch:62  ValAcc: 0.8159632457751722 specScore: 86.65% presScore: 31.10% recallScore: 44.38% F1Score: 36.57% MCC: 26.76% AUC: 74.76% AP: 32.20%
Training Metrics rsa,  pcc: 53.39%, pvalue: 0.00%
Training Metrics ss3,  pcc: 88.24%, pvalue: 0.00%
confusion_matrix: [actual_neg=[TN, FP]; actual_pos=[FN, TP]]
[[226571   8760]
 [ 24890   7068]]
The best cut-off value is: 0.02
Training Metrics ppi, Epoch:63  ValAcc: 0.8741063044120783 specScore: 96.28% presScore: 44.66% recallScore: 22.12% F1Score: 29.58% MCC: 25.28% AUC: 75.66% AP: 32.87%
Training Metrics rsa,  pcc: 54.44%, pvalue: 0.00%
Training Metrics ss3,  pcc: 88.47%, pvalue: 0.00%
confusion_matrix: [actual_neg=[TN, FP]; actual_pos=[FN, TP]]
[[207413  27918]
 [ 18132  13826]]
The best cut-off value is: 0.04
Training Metrics ppi, Epoch:64  ValAcc: 0.8277145711196495 specScore: 88.14% presScore: 33.12% recallScore: 43.26% F1Score: 37.52% MCC: 28.06% AUC: 75.63% AP: 33.26%
Training Metrics rsa,  pcc: 53.69%, pvalue: 0.00%
Training Metrics ss3,  pcc: 88.60%, pvalue: 0.00%
confusion_matrix: [actual_neg=[TN, FP]; actual_pos=[FN, TP]]
[[211170  24161]
 [ 19192  12766]]
The best cut-off value is: 0.07
Training Metrics ppi, Epoch:65  ValAcc: 0.8378047731107527 specScore: 89.73% presScore: 34.57% recallScore: 39.95% F1Score: 37.06% MCC: 27.91% AUC: 75.36% AP: 32.99%
Training Metrics rsa,  pcc: 53.71%, pvalue: 0.00%
Training Metrics ss3,  pcc: 88.53%, pvalue: 0.00%
confusion_matrix: [actual_neg=[TN, FP]; actual_pos=[FN, TP]]
[[207605  27726]
 [ 18313  13645]]
The best cut-off value is: 0.17
Training Metrics ppi, Epoch:66  ValAcc: 0.8277557250766024 specScore: 88.22% presScore: 32.98% recallScore: 42.70% F1Score: 37.22% MCC: 27.73% AUC: 75.29% AP: 32.74%
Training Metrics rsa,  pcc: 53.96%, pvalue: 0.00%
Training Metrics ss3,  pcc: 88.71%, pvalue: 0.00%
confusion_matrix: [actual_neg=[TN, FP]; actual_pos=[FN, TP]]
[[222546  12785]
 [ 23056   8902]]
The best cut-off value is: 0.04
Training Metrics ppi, Epoch:67  ValAcc: 0.8659091844408112 specScore: 94.57% presScore: 41.05% recallScore: 27.86% F1Score: 33.19% MCC: 26.64% AUC: 75.05% AP: 32.45%
Training Metrics rsa,  pcc: 54.27%, pvalue: 0.00%
Training Metrics ss3,  pcc: 88.73%, pvalue: 0.00%
confusion_matrix: [actual_neg=[TN, FP]; actual_pos=[FN, TP]]
[[222383  12948]
 [ 22971   8987]]
The best cut-off value is: 0.01
Training Metrics ppi, Epoch:68  ValAcc: 0.8656173654733266 specScore: 94.50% presScore: 40.97% recallScore: 28.12% F1Score: 33.35% MCC: 26.74% AUC: 75.12% AP: 32.56%
Training Metrics rsa,  pcc: 54.56%, pvalue: 0.00%
Training Metrics ss3,  pcc: 88.87%, pvalue: 0.00%
confusion_matrix: [actual_neg=[TN, FP]; actual_pos=[FN, TP]]
[[183667  51664]
 [ 14054  17904]]
The best cut-off value is: 0.15
Training Metrics ppi, Epoch:69  ValAcc: 0.7541312960877552 specScore: 78.05% presScore: 25.74% recallScore: 56.02% F1Score: 35.27% MCC: 25.19% AUC: 74.45% AP: 31.65%
Training Metrics rsa,  pcc: 54.41%, pvalue: 0.00%
Training Metrics ss3,  pcc: 88.80%, pvalue: 0.00%
confusion_matrix: [actual_neg=[TN, FP]; actual_pos=[FN, TP]]
[[213888  21443]
 [ 20140  11818]]
The best cut-off value is: 0.17
Training Metrics ppi, Epoch:70  ValAcc: 0.8444268189113656 specScore: 90.89% presScore: 35.53% recallScore: 36.98% F1Score: 36.24% MCC: 27.39% AUC: 74.88% AP: 32.20%
Training Metrics rsa,  pcc: 53.55%, pvalue: 0.00%
Training Metrics ss3,  pcc: 89.20%, pvalue: 0.00%
confusion_matrix: [actual_neg=[TN, FP]; actual_pos=[FN, TP]]
[[223541  11790]
 [ 23562   8396]]
The best cut-off value is: 0.03
Training Metrics ppi, Epoch:71  ValAcc: 0.8677386648908111 specScore: 94.99% presScore: 41.59% recallScore: 26.27% F1Score: 32.20% MCC: 26.11% AUC: 74.83% AP: 32.10%
Training Metrics rsa,  pcc: 54.13%, pvalue: 0.00%
Training Metrics ss3,  pcc: 89.39%, pvalue: 0.00%
confusion_matrix: [actual_neg=[TN, FP]; actual_pos=[FN, TP]]
[[196477  38854]
 [ 16371  15587]]
The best cut-off value is: 0.18
Training Metrics ppi, Epoch:72  ValAcc: 0.7933884297520661 specScore: 83.49% presScore: 28.63% recallScore: 48.77% F1Score: 36.08% MCC: 25.99% AUC: 74.39% AP: 31.87%
Training Metrics rsa,  pcc: 53.70%, pvalue: 0.00%
Training Metrics ss3,  pcc: 89.43%, pvalue: 0.00%
confusion_matrix: [actual_neg=[TN, FP]; actual_pos=[FN, TP]]
[[216485  18846]
 [ 20542  11416]]
The best cut-off value is: 0.15
Training Metrics ppi, Epoch:73  ValAcc: 0.8526389039578883 specScore: 91.99% presScore: 37.72% recallScore: 35.72% F1Score: 36.70% MCC: 28.38% AUC: 75.65% AP: 33.10%
Training Metrics rsa,  pcc: 54.01%, pvalue: 0.00%
Training Metrics ss3,  pcc: 89.79%, pvalue: 0.00%
confusion_matrix: [actual_neg=[TN, FP]; actual_pos=[FN, TP]]
[[213971  21360]
 [ 20137  11821]]
The best cut-off value is: 0.17
Training Metrics ppi, Epoch:74  ValAcc: 0.8447485680293615 specScore: 90.92% presScore: 35.63% recallScore: 36.99% F1Score: 36.29% MCC: 27.46% AUC: 74.75% AP: 32.38%
Training Metrics rsa,  pcc: 54.29%, pvalue: 0.00%
Training Metrics ss3,  pcc: 89.83%, pvalue: 0.00%
confusion_matrix: [actual_neg=[TN, FP]; actual_pos=[FN, TP]]
[[218384  16947]
 [ 21452  10506]]
The best cut-off value is: 0.10
Training Metrics ppi, Epoch:75  ValAcc: 0.8563390188148409 specScore: 92.80% presScore: 38.27% recallScore: 32.87% F1Score: 35.37% MCC: 27.44% AUC: 74.96% AP: 32.57%
Training Metrics rsa,  pcc: 53.69%, pvalue: 0.00%
Training Metrics ss3,  pcc: 90.00%, pvalue: 0.00%
confusion_matrix: [actual_neg=[TN, FP]; actual_pos=[FN, TP]]
[[209279  26052]
 [ 19105  12853]]
The best cut-off value is: 0.18
Training Metrics ppi, Epoch:76  ValAcc: 0.8310555241704671 specScore: 88.93% presScore: 33.04% recallScore: 40.22% F1Score: 36.28% MCC: 26.82% AUC: 74.58% AP: 31.87%
Training Metrics rsa,  pcc: 54.66%, pvalue: 0.00%
Training Metrics ss3,  pcc: 90.30%, pvalue: 0.00%
confusion_matrix: [actual_neg=[TN, FP]; actual_pos=[FN, TP]]
[[216447  18884]
 [ 20601  11357]]
The best cut-off value is: 0.15
Training Metrics ppi, Epoch:77  ValAcc: 0.8522760008829394 specScore: 91.98% presScore: 37.55% recallScore: 35.54% F1Score: 36.52% MCC: 28.18% AUC: 75.72% AP: 33.12%
Training Metrics rsa,  pcc: 53.88%, pvalue: 0.00%
Training Metrics ss3,  pcc: 90.62%, pvalue: 0.00%
confusion_matrix: [actual_neg=[TN, FP]; actual_pos=[FN, TP]]
[[218312  17019]
 [ 21435  10523]]
The best cut-off value is: 0.08
Training Metrics ppi, Epoch:78  ValAcc: 0.856133249030076 specScore: 92.77% presScore: 38.21% recallScore: 32.93% F1Score: 35.37% MCC: 27.42% AUC: 75.27% AP: 32.63%
Training Metrics rsa,  pcc: 54.27%, pvalue: 0.00%
Training Metrics ss3,  pcc: 90.93%, pvalue: 0.00%
confusion_matrix: [actual_neg=[TN, FP]; actual_pos=[FN, TP]]
[[210758  24573]
 [ 19077  12881]]
The best cut-off value is: 0.15
Training Metrics ppi, Epoch:79  ValAcc: 0.8366936162730229 specScore: 89.56% presScore: 34.39% recallScore: 40.31% F1Score: 37.11% MCC: 27.91% AUC: 75.23% AP: 32.68%
Training Metrics rsa,  pcc: 53.63%, pvalue: 0.00%
Training Metrics ss3,  pcc: 90.95%, pvalue: 0.00%
confusion_matrix: [actual_neg=[TN, FP]; actual_pos=[FN, TP]]
[[213003  22328]
 [ 19889  12069]]
The best cut-off value is: 0.18
Training Metrics ppi, Epoch:80  ValAcc: 0.8420548544833495 specScore: 90.51% presScore: 35.09% recallScore: 37.77% F1Score: 36.38% MCC: 27.40% AUC: 75.09% AP: 32.22%
Training Metrics rsa,  pcc: 54.99%, pvalue: 0.00%
Training Metrics ss3,  pcc: 91.16%, pvalue: 0.00%
confusion_matrix: [actual_neg=[TN, FP]; actual_pos=[FN, TP]]
[[220069  15262]
 [ 21865  10093]]
The best cut-off value is: 0.07
Training Metrics ppi, Epoch:81  ValAcc: 0.8610979127461287 specScore: 93.51% presScore: 39.81% recallScore: 31.58% F1Score: 35.22% MCC: 27.79% AUC: 75.54% AP: 33.08%
Training Metrics rsa,  pcc: 54.23%, pvalue: 0.00%
Training Metrics ss3,  pcc: 91.38%, pvalue: 0.00%
confusion_matrix: [actual_neg=[TN, FP]; actual_pos=[FN, TP]]
[[220511  14820]
 [ 22314   9644]]
The best cut-off value is: 0.01
Training Metrics ppi, Epoch:82  ValAcc: 0.8610717238644314 specScore: 93.70% presScore: 39.42% recallScore: 30.18% F1Score: 34.19% MCC: 26.87% AUC: 74.91% AP: 32.51%
Training Metrics rsa,  pcc: 56.10%, pvalue: 0.00%
Training Metrics ss3,  pcc: 91.60%, pvalue: 0.00%
confusion_matrix: [actual_neg=[TN, FP]; actual_pos=[FN, TP]]
[[203392  31939]
 [ 17252  14706]]
The best cut-off value is: 0.07
Training Metrics ppi, Epoch:83  ValAcc: 0.8159632457751722 specScore: 86.43% presScore: 31.53% recallScore: 46.02% F1Score: 37.42% MCC: 27.73% AUC: 75.27% AP: 32.85%
Training Metrics rsa,  pcc: 53.97%, pvalue: 0.00%
Training Metrics ss3,  pcc: 91.64%, pvalue: 0.00%
confusion_matrix: [actual_neg=[TN, FP]; actual_pos=[FN, TP]]
[[205152  30179]
 [ 18099  13859]]
The best cut-off value is: 0.20
Training Metrics ppi, Epoch:84  ValAcc: 0.8193790242022679 specScore: 87.18% presScore: 31.47% recallScore: 43.37% F1Score: 36.47% MCC: 26.71% AUC: 74.61% AP: 31.84%
Training Metrics rsa,  pcc: 54.81%, pvalue: 0.00%
Training Metrics ss3,  pcc: 91.71%, pvalue: 0.00%
confusion_matrix: [actual_neg=[TN, FP]; actual_pos=[FN, TP]]
[[216051  19280]
 [ 20858  11100]]
The best cut-off value is: 0.18
Training Metrics ppi, Epoch:85  ValAcc: 0.8498329523474591 specScore: 91.81% presScore: 36.54% recallScore: 34.73% F1Score: 35.61% MCC: 27.13% AUC: 75.06% AP: 32.10%
Training Metrics rsa,  pcc: 55.52%, pvalue: 0.00%
Training Metrics ss3,  pcc: 91.88%, pvalue: 0.00%
confusion_matrix: [actual_neg=[TN, FP]; actual_pos=[FN, TP]]
[[216344  18987]
 [ 21041  10917]]
The best cut-off value is: 0.15
Training Metrics ppi, Epoch:86  ValAcc: 0.8502444919169887 specScore: 91.93% presScore: 36.51% recallScore: 34.16% F1Score: 35.29% MCC: 26.86% AUC: 74.64% AP: 31.95%
Training Metrics rsa,  pcc: 54.72%, pvalue: 0.00%
Training Metrics ss3,  pcc: 92.00%, pvalue: 0.00%
confusion_matrix: [actual_neg=[TN, FP]; actual_pos=[FN, TP]]
[[216416  18915]
 [ 20837  11121]]
The best cut-off value is: 0.12
Training Metrics ppi, Epoch:87  ValAcc: 0.8512770821096266 specScore: 91.96% presScore: 37.03% recallScore: 34.80% F1Score: 35.88% MCC: 27.49% AUC: 75.14% AP: 32.32%
Training Metrics rsa,  pcc: 55.34%, pvalue: 0.00%
Training Metrics ss3,  pcc: 92.15%, pvalue: 0.00%
confusion_matrix: [actual_neg=[TN, FP]; actual_pos=[FN, TP]]
[[215848  19483]
 [ 20522  11436]]
The best cut-off value is: 0.10
Training Metrics ppi, Epoch:88  ValAcc: 0.8503305410997085 specScore: 91.72% presScore: 36.99% recallScore: 35.78% F1Score: 36.38% MCC: 27.90% AUC: 75.18% AP: 32.76%
Training Metrics rsa,  pcc: 55.85%, pvalue: 0.00%
Training Metrics ss3,  pcc: 92.34%, pvalue: 0.00%
confusion_matrix: [actual_neg=[TN, FP]; actual_pos=[FN, TP]]
[[210435  24896]
 [ 18942  13016]]
The best cut-off value is: 0.20
Training Metrics ppi, Epoch:89  ValAcc: 0.8359902577360085 specScore: 89.42% presScore: 34.33% recallScore: 40.73% F1Score: 37.26% MCC: 28.04% AUC: 75.12% AP: 32.46%
Training Metrics rsa,  pcc: 55.83%, pvalue: 0.00%
Training Metrics ss3,  pcc: 92.43%, pvalue: 0.00%
confusion_matrix: [actual_neg=[TN, FP]; actual_pos=[FN, TP]]
[[216051  19280]
 [ 20771  11187]]
The best cut-off value is: 0.17
Training Metrics ppi, Epoch:90  ValAcc: 0.8501584427342689 specScore: 91.81% presScore: 36.72% recallScore: 35.01% F1Score: 35.84% MCC: 27.37% AUC: 74.88% AP: 31.95%
Training Metrics rsa,  pcc: 56.14%, pvalue: 0.00%
Training Metrics ss3,  pcc: 92.50%, pvalue: 0.00%
Restoring model weights from the best epoch: 10 with the best VAL_AUC: 78.16%
You are saving your model as an HDF5 file via `model.save()`. This file format is considered legacy. We recommend using instead the native Keras format, e.g. `model.save('my_model.keras')`.
Training time: 6:52:53.698182
:) performTesting
:) testModel
%%%%%%% loading the saved model:  ../models/mtnet-ppi/mtnet-ppi-model.hdf5
:) doTesting
## Testing ../data/prepared_ZK448_win_p_benchmark.csv at: 06-06-2024#23:35:34 ##
testDataset is None
Shape featuresTable: (336, 2) | Shape labelvec: (336, 5)
Shape inputData: (336, 1170, 1025)
Shape labelData: (336, 1170, 5)
truelabels (336, 1170, 5)
Shape featuresTable: (336, 1170, 1025) | Shape labelvec: (336, 1170, 5)
doKerasModelTesting
:) doKerasModelTesting
Testing time: 0:00:07.761990
confusion_matrix: [actual_neg=[TN, FP]; actual_pos=[FN, TP]]
[[24507 44624]
 [ 1011 14799]]
The best cut-off value is: 0.71
Testing Metrics ppi,  ValAcc: 0.46274472869403466 specScore: 35.45% presScore: 24.90% recallScore: 93.61% F1Score: 39.34% MCC: 24.67% AUC: 79.34% AP: 48.44%
Testing Metrics rsa,  pcc: 48.08%, pvalue: 0.00%
Testing Metrics ss3,  pcc: 90.81%, pvalue: 0.00%
:) plotMetrics

## Generating metrics-data per protein for @@: ../models/mtnet-ppi/metrics-per-prot-mtnet-ppi.csv @@
## Prediction plot generated for: ../models/mtnet-ppi/PPLOTS_preds-ZK448_P.html
:) doTesting
## Testing ../data/prepared_biolip_win_p_testing.csv at: 06-06-2024#23:37:33 ##
testDataset is None
Shape featuresTable: (228, 2) | Shape labelvec: (228, 5)
Shape inputData: (228, 1170, 1025)
Shape labelData: (228, 1170, 5)
truelabels (228, 1170, 5)
Shape featuresTable: (228, 1170, 1025) | Shape labelvec: (228, 1170, 5)
doKerasModelTesting
:) doKerasModelTesting
Testing time: 0:00:04.632903
confusion_matrix: [actual_neg=[TN, FP]; actual_pos=[FN, TP]]
[[52689  4616]
 [ 4948  2897]]
The best cut-off value is: 0.71
Testing Metrics ppi,  ValAcc: 0.8532003069838834 specScore: 91.94% presScore: 38.56% recallScore: 36.93% F1Score: 37.73% MCC: 29.42% AUC: 78.34% AP: 34.72%
Testing Metrics rsa,  pcc: 42.05%, pvalue: 0.00%
Testing Metrics ss3,  pcc: 87.80%, pvalue: 0.00%
:) plotMetrics

## Generating metrics-data per protein for @@: ../models/mtnet-ppi/metrics-per-prot-mtnet-ppi.csv @@
## Prediction plot generated for: ../models/mtnet-ppi/PPLOTS_preds-BLTEST_P.html
