preparing computation at Fri May 31 12:08:18 CEST 2024 ...
PIPENN_ENV is: reza-tfg-2.14
executing prediction at Fri May 31 12:08:18 CEST 2024 ...
2024-05-31 12:08:23.081866: E tensorflow/compiler/xla/stream_executor/cuda/cuda_dnn.cc:9342] Unable to register cuDNN factory: Attempting to register factory for plugin cuDNN when one has already been registered
2024-05-31 12:08:23.081946: E tensorflow/compiler/xla/stream_executor/cuda/cuda_fft.cc:609] Unable to register cuFFT factory: Attempting to register factory for plugin cuFFT when one has already been registered
2024-05-31 12:08:23.081954: E tensorflow/compiler/xla/stream_executor/cuda/cuda_blas.cc:1518] Unable to register cuBLAS factory: Attempting to register factory for plugin cuBLAS when one has already been registered
2024-05-31 12:08:23.192243: I tensorflow/core/platform/cpu_feature_guard.cc:182] This TensorFlow binary is optimized to use available CPU instructions in performance-critical operations.
To enable the following instructions: SSE4.1 SSE4.2 AVX AVX2 FMA, in other operations, rebuild TensorFlow with the appropriate compiler flags.
2024-05-31 12:08:28.779270: E tensorflow/compiler/xla/stream_executor/cuda/cuda_driver.cc:268] failed call to cuInit: CUDA_ERROR_NO_DEVICE: no CUDA-capable device is detected
2024-05-31 12:08:28.779322: I tensorflow/compiler/xla/stream_executor/cuda/cuda_diagnostics.cc:168] retrieving CUDA diagnostic information for host: node009
2024-05-31 12:08:28.779370: I tensorflow/compiler/xla/stream_executor/cuda/cuda_diagnostics.cc:175] hostname: node009
2024-05-31 12:08:28.779514: I tensorflow/compiler/xla/stream_executor/cuda/cuda_diagnostics.cc:199] libcuda reported version is: 530.30.2
2024-05-31 12:08:28.779531: I tensorflow/compiler/xla/stream_executor/cuda/cuda_diagnostics.cc:203] kernel reported version is: 530.30.2
2024-05-31 12:08:28.779536: I tensorflow/compiler/xla/stream_executor/cuda/cuda_diagnostics.cc:309] kernel version seems to match DSO: 530.30.2
PYTHONPATH: ['/scistor/informatica/kgn950/pipenn-exp/mtnet-ppi', '/scistor/informatica/kgn950/pipenn-exp/utils', '/scistor/informatica/kgn950/pipenn-exp/config', '/scistor/informatica/kgn950/pipenn-exp/ann-ppi', '/scistor/informatica/kgn950/pipenn-exp/rnn-ppi', '/scistor/informatica/kgn950/pipenn-exp/dnet-ppi', '/scistor/informatica/kgn950/pipenn-exp/rnet-ppi', '/scistor/informatica/kgn950/pipenn-exp/unet-ppi', '/scistor/informatica/kgn950/pipenn-exp/cnn-rnn-ppi', '/scistor/informatica/kgn950/pipenn-exp/ensnet-ppi', '/scistor/informatica/kgn950/pipenn-exp', '/scistor/informatica/kgn950/pipenn-exp/mtnet-ppi', '/scistor/informatica/rhu300/miniconda3/envs/reza-tfg-2.14/lib/python311.zip', '/scistor/informatica/rhu300/miniconda3/envs/reza-tfg-2.14/lib/python3.11', '/scistor/informatica/rhu300/miniconda3/envs/reza-tfg-2.14/lib/python3.11/lib-dynload', '/scistor/informatica/rhu300/miniconda3/envs/reza-tfg-2.14/lib/python3.11/site-packages']
Updated sys.path: ['/scistor/informatica/kgn950/pipenn-exp/mtnet-ppi', '/scistor/informatica/kgn950/pipenn-exp/utils', '/scistor/informatica/kgn950/pipenn-exp/config', '/scistor/informatica/kgn950/pipenn-exp/ann-ppi', '/scistor/informatica/kgn950/pipenn-exp/rnn-ppi', '/scistor/informatica/kgn950/pipenn-exp/dnet-ppi', '/scistor/informatica/kgn950/pipenn-exp/rnet-ppi', '/scistor/informatica/kgn950/pipenn-exp/unet-ppi', '/scistor/informatica/kgn950/pipenn-exp/cnn-rnn-ppi', '/scistor/informatica/kgn950/pipenn-exp/ensnet-ppi', '/scistor/informatica/kgn950/pipenn-exp', '/scistor/informatica/kgn950/pipenn-exp/mtnet-ppi', '/scistor/informatica/rhu300/miniconda3/envs/reza-tfg-2.14/lib/python311.zip', '/scistor/informatica/rhu300/miniconda3/envs/reza-tfg-2.14/lib/python3.11', '/scistor/informatica/rhu300/miniconda3/envs/reza-tfg-2.14/lib/python3.11/lib-dynload', '/scistor/informatica/rhu300/miniconda3/envs/reza-tfg-2.14/lib/python3.11/site-packages', '/Users/kikivangerwen/Documents/PIPENN/pipenn-exp/utils']
$$$$$$ Please install GPU version of TF
The chosen labels are: ['p_interface', 'rel_surf_acc', 'prob_sheet', 'prob_helix', 'prob_coil']
setCondParams, one hot is false
:) setExprDatasetFiles
Batch size: 8
LABEL_DIM 5
inputshape (1170, 1025)
Model: "model"
__________________________________________________________________________________________________
 Layer (type)                Output Shape                 Param #   Connected to                  
==================================================================================================
 input (InputLayer)          [(None, 1170, 1025)]         0         []                            
                                                                                                  
 conv1d (Conv1D)             (None, 1170, 64)             459200    ['input[0][0]']               
                                                                                                  
 dropout (Dropout)           (None, 1170, 64)             0         ['conv1d[0][0]']              
                                                                                                  
 batch_normalization (Batch  (None, 1170, 64)             256       ['dropout[0][0]']             
 Normalization)                                                                                   
                                                                                                  
 p_re_lu (PReLU)             (None, 1170, 64)             74880     ['batch_normalization[0][0]'] 
                                                                                                  
 conv1d_1 (Conv1D)           (None, 1170, 128)            57344     ['p_re_lu[0][0]']             
                                                                                                  
 dropout_1 (Dropout)         (None, 1170, 128)            0         ['conv1d_1[0][0]']            
                                                                                                  
 batch_normalization_1 (Bat  (None, 1170, 128)            512       ['dropout_1[0][0]']           
 chNormalization)                                                                                 
                                                                                                  
 p_re_lu_1 (PReLU)           (None, 1170, 128)            149760    ['batch_normalization_1[0][0]'
                                                                    ]                             
                                                                                                  
 conv1d_2 (Conv1D)           (None, 1170, 128)            114688    ['p_re_lu_1[0][0]']           
                                                                                                  
 dropout_2 (Dropout)         (None, 1170, 128)            0         ['conv1d_2[0][0]']            
                                                                                                  
 batch_normalization_2 (Bat  (None, 1170, 128)            512       ['dropout_2[0][0]']           
 chNormalization)                                                                                 
                                                                                                  
 p_re_lu_2 (PReLU)           (None, 1170, 128)            149760    ['batch_normalization_2[0][0]'
                                                                    ]                             
                                                                                                  
 conv1d_3 (Conv1D)           (None, 1170, 64)             57344     ['p_re_lu_2[0][0]']           
                                                                                                  
 dropout_3 (Dropout)         (None, 1170, 64)             0         ['conv1d_3[0][0]']            
                                                                                                  
 batch_normalization_3 (Bat  (None, 1170, 64)             256       ['dropout_3[0][0]']           
 chNormalization)                                                                                 
                                                                                                  
 p_re_lu_3 (PReLU)           (None, 1170, 64)             74880     ['batch_normalization_3[0][0]'
                                                                    ]                             
                                                                                                  
 conv1d_4 (Conv1D)           (None, 1170, 64)             28672     ['p_re_lu_3[0][0]']           
                                                                                                  
 dropout_4 (Dropout)         (None, 1170, 64)             0         ['conv1d_4[0][0]']            
                                                                                                  
 batch_normalization_4 (Bat  (None, 1170, 64)             256       ['dropout_4[0][0]']           
 chNormalization)                                                                                 
                                                                                                  
 p_re_lu_4 (PReLU)           (None, 1170, 64)             74880     ['batch_normalization_4[0][0]'
                                                                    ]                             
                                                                                                  
 conv1d_5 (Conv1D)           (None, 1170, 64)             28672     ['p_re_lu_4[0][0]']           
                                                                                                  
 conv1d_7 (Conv1D)           (None, 1170, 64)             28672     ['p_re_lu_4[0][0]']           
                                                                                                  
 conv1d_8 (Conv1D)           (None, 1170, 64)             28672     ['p_re_lu_4[0][0]']           
                                                                                                  
 conv1d_9 (Conv1D)           (None, 1170, 64)             28672     ['p_re_lu_4[0][0]']           
                                                                                                  
 dropout_5 (Dropout)         (None, 1170, 64)             0         ['conv1d_5[0][0]']            
                                                                                                  
 conv1d_6 (Conv1D)           (None, 1170, 64)             28672     ['p_re_lu_4[0][0]']           
                                                                                                  
 dropout_7 (Dropout)         (None, 1170, 64)             0         ['conv1d_7[0][0]']            
                                                                                                  
 dropout_8 (Dropout)         (None, 1170, 64)             0         ['conv1d_8[0][0]']            
                                                                                                  
 dropout_9 (Dropout)         (None, 1170, 64)             0         ['conv1d_9[0][0]']            
                                                                                                  
 batch_normalization_5 (Bat  (None, 1170, 64)             256       ['dropout_5[0][0]']           
 chNormalization)                                                                                 
                                                                                                  
 dropout_6 (Dropout)         (None, 1170, 64)             0         ['conv1d_6[0][0]']            
                                                                                                  
 batch_normalization_7 (Bat  (None, 1170, 64)             256       ['dropout_7[0][0]']           
 chNormalization)                                                                                 
                                                                                                  
 batch_normalization_8 (Bat  (None, 1170, 64)             256       ['dropout_8[0][0]']           
 chNormalization)                                                                                 
                                                                                                  
 batch_normalization_9 (Bat  (None, 1170, 64)             256       ['dropout_9[0][0]']           
 chNormalization)                                                                                 
                                                                                                  
 p_re_lu_5 (PReLU)           (None, 1170, 64)             74880     ['batch_normalization_5[0][0]'
                                                                    ]                             
                                                                                                  
 batch_normalization_6 (Bat  (None, 1170, 64)             256       ['dropout_6[0][0]']           
 chNormalization)                                                                                 
                                                                                                  
 p_re_lu_7 (PReLU)           (None, 1170, 64)             74880     ['batch_normalization_7[0][0]'
                                                                    ]                             
                                                                                                  
 p_re_lu_8 (PReLU)           (None, 1170, 64)             74880     ['batch_normalization_8[0][0]'
                                                                    ]                             
                                                                                                  
 p_re_lu_9 (PReLU)           (None, 1170, 64)             74880     ['batch_normalization_9[0][0]'
                                                                    ]                             
                                                                                                  
 conv1d_10 (Conv1D)          (None, 1170, 32)             14336     ['p_re_lu_5[0][0]']           
                                                                                                  
 p_re_lu_6 (PReLU)           (None, 1170, 64)             74880     ['batch_normalization_6[0][0]'
                                                                    ]                             
                                                                                                  
 conv1d_12 (Conv1D)          (None, 1170, 32)             14336     ['p_re_lu_7[0][0]']           
                                                                                                  
 conv1d_13 (Conv1D)          (None, 1170, 32)             14336     ['p_re_lu_8[0][0]']           
                                                                                                  
 conv1d_14 (Conv1D)          (None, 1170, 32)             14336     ['p_re_lu_9[0][0]']           
                                                                                                  
 dropout_10 (Dropout)        (None, 1170, 32)             0         ['conv1d_10[0][0]']           
                                                                                                  
 conv1d_11 (Conv1D)          (None, 1170, 32)             14336     ['p_re_lu_6[0][0]']           
                                                                                                  
 dropout_12 (Dropout)        (None, 1170, 32)             0         ['conv1d_12[0][0]']           
                                                                                                  
 dropout_13 (Dropout)        (None, 1170, 32)             0         ['conv1d_13[0][0]']           
                                                                                                  
 dropout_14 (Dropout)        (None, 1170, 32)             0         ['conv1d_14[0][0]']           
                                                                                                  
 batch_normalization_10 (Ba  (None, 1170, 32)             128       ['dropout_10[0][0]']          
 tchNormalization)                                                                                
                                                                                                  
 dropout_11 (Dropout)        (None, 1170, 32)             0         ['conv1d_11[0][0]']           
                                                                                                  
 batch_normalization_12 (Ba  (None, 1170, 32)             128       ['dropout_12[0][0]']          
 tchNormalization)                                                                                
                                                                                                  
 batch_normalization_13 (Ba  (None, 1170, 32)             128       ['dropout_13[0][0]']          
 tchNormalization)                                                                                
                                                                                                  
 batch_normalization_14 (Ba  (None, 1170, 32)             128       ['dropout_14[0][0]']          
 tchNormalization)                                                                                
                                                                                                  
 p_re_lu_10 (PReLU)          (None, 1170, 32)             37440     ['batch_normalization_10[0][0]
                                                                    ']                            
                                                                                                  
 batch_normalization_11 (Ba  (None, 1170, 32)             128       ['dropout_11[0][0]']          
 tchNormalization)                                                                                
                                                                                                  
 p_re_lu_12 (PReLU)          (None, 1170, 32)             37440     ['batch_normalization_12[0][0]
                                                                    ']                            
                                                                                                  
 p_re_lu_13 (PReLU)          (None, 1170, 32)             37440     ['batch_normalization_13[0][0]
                                                                    ']                            
                                                                                                  
 p_re_lu_14 (PReLU)          (None, 1170, 32)             37440     ['batch_normalization_14[0][0]
                                                                    ']                            
                                                                                                  
 time_distributed (TimeDist  (None, 1170, 32)             1056      ['p_re_lu_10[0][0]']          
 ributed)                                                                                         
                                                                                                  
 p_re_lu_11 (PReLU)          (None, 1170, 32)             37440     ['batch_normalization_11[0][0]
                                                                    ']                            
                                                                                                  
 time_distributed_2 (TimeDi  (None, 1170, 32)             1056      ['p_re_lu_12[0][0]']          
 stributed)                                                                                       
                                                                                                  
 time_distributed_3 (TimeDi  (None, 1170, 32)             1056      ['p_re_lu_13[0][0]']          
 stributed)                                                                                       
                                                                                                  
 time_distributed_4 (TimeDi  (None, 1170, 32)             1056      ['p_re_lu_14[0][0]']          
 stributed)                                                                                       
                                                                                                  
 time_distributed_5 (TimeDi  (None, 1170, 32)             1056      ['time_distributed[0][0]']    
 stributed)                                                                                       
                                                                                                  
 time_distributed_1 (TimeDi  (None, 1170, 32)             1056      ['p_re_lu_11[0][0]']          
 stributed)                                                                                       
                                                                                                  
 time_distributed_7 (TimeDi  (None, 1170, 32)             1056      ['time_distributed_2[0][0]']  
 stributed)                                                                                       
                                                                                                  
 time_distributed_8 (TimeDi  (None, 1170, 32)             1056      ['time_distributed_3[0][0]']  
 stributed)                                                                                       
                                                                                                  
 time_distributed_9 (TimeDi  (None, 1170, 32)             1056      ['time_distributed_4[0][0]']  
 stributed)                                                                                       
                                                                                                  
 time_distributed_10 (TimeD  (None, 1170, 16)             528       ['time_distributed_5[0][0]']  
 istributed)                                                                                      
                                                                                                  
 time_distributed_6 (TimeDi  (None, 1170, 32)             1056      ['time_distributed_1[0][0]']  
 stributed)                                                                                       
                                                                                                  
 concatenate (Concatenate)   (None, 1170, 96)             0         ['time_distributed_7[0][0]',  
                                                                     'time_distributed_8[0][0]',  
                                                                     'time_distributed_9[0][0]']  
                                                                                                  
 ppi (TimeDistributed)       (None, 1170, 1)              17        ['time_distributed_10[0][0]'] 
                                                                                                  
 rsa (TimeDistributed)       (None, 1170, 1)              33        ['time_distributed_6[0][0]']  
                                                                                                  
 SS3 (TimeDistributed)       (None, 1170, 3)              291       ['concatenate[0][0]']         
                                                                                                  
==================================================================================================
Total params: 2033189 (15.51 MB)
Trainable params: 2031333 (15.50 MB)
Non-trainable params: 1856 (14.50 KB)
__________________________________________________________________________________________________
:) trainModel

## Starting Training & Testing;; @@ trained on: ../data/prepared_biolip_win_p_training.csv at: 31-05-2024#12:08:34 @@
:) trainKerasModel
## tf-version: 2.14.0|| float_type: float64
Shape featuresTable: (4392, 2) | Shape labelvec: (4392, 5)
Shape inputData: (4392, 1170, 1025)
Shape labelData: (4392, 1170, 5)
truelabels (4392, 1170, 5)
Shape featuresTable: (4392, 1170, 1025) | Shape labelvec: (4392, 1170, 5)
2024-05-31 17:47:24.633884: W tensorflow/tsl/framework/cpu_allocator_impl.cc:83] Allocation of 33703722000 exceeds 10% of free system memory.
2024-05-31 17:52:01.928993: W tensorflow/tsl/framework/cpu_allocator_impl.cc:83] Allocation of 8433126000 exceeds 10% of free system memory.
2024-05-31 17:52:22.845164: W tensorflow/tsl/framework/cpu_allocator_impl.cc:83] Allocation of 8433126000 exceeds 10% of free system memory.
labelData.shape (4392, 1170, 5) | trainY.shape (3513, 1170, 5) | valY.shape (879, 1170, 5)
:) trainKerasModel MULTI_TASK_MODEL
:) ModelCheckPoint setValset
mtloss_bce (None, 1170, 1) (None, 1170, 1)
mtloss_mse (None, 1170, 1) (None, 1170, 1)
mtloss_mse (None, 1170, 3) (None, 1170, 3)
mtloss_bce (None, 1170, 1) (None, 1170, 1)
mtloss_mse (None, 1170, 1) (None, 1170, 1)
mtloss_mse (None, 1170, 3) (None, 1170, 3)
mtloss_bce (None, 1170, 1) (None, 1170, 1)
mtloss_mse (None, 1170, 1) (None, 1170, 1)
mtloss_mse (None, 1170, 3) (None, 1170, 3)
confusion_matrix: [actual_neg=[TN, FP]; actual_pos=[FN, TP]]
[[    95 235236]
 [     3  31955]]
The best cut-off value is: 0.66
Training Metrics ppi, Epoch:0  ValAcc: 0.1199076654856728 specScore: 0.04% presScore: 11.96% recallScore: 99.99% F1Score: 21.36% MCC: 0.53% AUC: 66.54% AP: 22.34%
Training Metrics rsa,  pcc: 20.87%, pvalue: 0.00%
Training Metrics ss3,  pcc: 86.57%, pvalue: 0.00%
2024-05-31 17:57:09.851599: W tensorflow/tsl/framework/cpu_allocator_impl.cc:83] Allocation of 8433126000 exceeds 10% of free system memory.
confusion_matrix: [actual_neg=[TN, FP]; actual_pos=[FN, TP]]
[[185473  49858]
 [ 14835  17123]]
The best cut-off value is: 0.73
Training Metrics ppi, Epoch:1  ValAcc: 0.7579660966220084 specScore: 78.81% presScore: 25.56% recallScore: 53.58% F1Score: 34.61% MCC: 24.25% AUC: 72.66% AP: 27.89%
Training Metrics rsa,  pcc: 23.19%, pvalue: 0.00%
Training Metrics ss3,  pcc: 87.54%, pvalue: 0.00%
2024-05-31 18:01:58.912983: W tensorflow/tsl/framework/cpu_allocator_impl.cc:83] Allocation of 8433126000 exceeds 10% of free system memory.
confusion_matrix: [actual_neg=[TN, FP]; actual_pos=[FN, TP]]
[[218257  17074]
 [ 21964   9994]]
The best cut-off value is: 0.72
Training Metrics ppi, Epoch:2  ValAcc: 0.8539483480427552 specScore: 92.74% presScore: 36.92% recallScore: 31.27% F1Score: 33.86% MCC: 25.83% AUC: 75.44% AP: 30.79%
Training Metrics rsa,  pcc: 28.75%, pvalue: 0.00%
Training Metrics ss3,  pcc: 87.83%, pvalue: 0.00%
confusion_matrix: [actual_neg=[TN, FP]; actual_pos=[FN, TP]]
[[216460  18871]
 [ 20614  11344]]
The best cut-off value is: 0.71
Training Metrics ppi, Epoch:3  ValAcc: 0.8522760008829394 specScore: 91.98% presScore: 37.54% recallScore: 35.50% F1Score: 36.49% MCC: 28.16% AUC: 77.07% AP: 32.81%
Training Metrics rsa,  pcc: 34.72%, pvalue: 0.00%
Training Metrics ss3,  pcc: 88.01%, pvalue: 0.00%
confusion_matrix: [actual_neg=[TN, FP]; actual_pos=[FN, TP]]
[[209529  25802]
 [ 18007  13951]]
The best cut-off value is: 0.74
Training Metrics ppi, Epoch:4  ValAcc: 0.8360987545316119 specScore: 89.04% presScore: 35.09% recallScore: 43.65% F1Score: 38.91% MCC: 29.81% AUC: 77.86% AP: 33.79%
Training Metrics rsa,  pcc: 39.68%, pvalue: 0.00%
Training Metrics ss3,  pcc: 88.07%, pvalue: 0.00%
confusion_matrix: [actual_neg=[TN, FP]; actual_pos=[FN, TP]]
[[213812  21519]
 [ 19091  12867]]
The best cut-off value is: 0.75
Training Metrics ppi, Epoch:5  ValAcc: 0.8480670734672957 specScore: 90.86% presScore: 37.42% recallScore: 40.26% F1Score: 38.79% MCC: 30.16% AUC: 78.30% AP: 34.61%
Training Metrics rsa,  pcc: 40.76%, pvalue: 0.00%
Training Metrics ss3,  pcc: 88.11%, pvalue: 0.00%
confusion_matrix: [actual_neg=[TN, FP]; actual_pos=[FN, TP]]
[[221905  13426]
 [ 22065   9893]]
The best cut-off value is: 0.71
Training Metrics ppi, Epoch:6  ValAcc: 0.8672186285256782 specScore: 94.29% presScore: 42.42% recallScore: 30.96% F1Score: 35.79% MCC: 29.03% AUC: 78.30% AP: 34.84%
Training Metrics rsa,  pcc: 37.83%, pvalue: 0.00%
Training Metrics ss3,  pcc: 88.12%, pvalue: 0.00%
confusion_matrix: [actual_neg=[TN, FP]; actual_pos=[FN, TP]]
[[214960  20371]
 [ 19364  12594]]
The best cut-off value is: 0.71
Training Metrics ppi, Epoch:7  ValAcc: 0.851340683679463 specScore: 91.34% presScore: 38.20% recallScore: 39.41% F1Score: 38.80% MCC: 30.34% AUC: 78.34% AP: 35.02%
Training Metrics rsa,  pcc: 37.67%, pvalue: 0.00%
Training Metrics ss3,  pcc: 88.14%, pvalue: 0.00%
confusion_matrix: [actual_neg=[TN, FP]; actual_pos=[FN, TP]]
[[214387  20944]
 [ 18958  13000]]
The best cut-off value is: 0.72
Training Metrics ppi, Epoch:8  ValAcc: 0.8507158917875408 specScore: 91.10% presScore: 38.30% recallScore: 40.68% F1Score: 39.45% MCC: 30.97% AUC: 78.35% AP: 35.32%
Training Metrics rsa,  pcc: 37.84%, pvalue: 0.00%
Training Metrics ss3,  pcc: 88.14%, pvalue: 0.00%
confusion_matrix: [actual_neg=[TN, FP]; actual_pos=[FN, TP]]
[[211297  24034]
 [ 17887  14071]]
The best cut-off value is: 0.74
Training Metrics ppi, Epoch:9  ValAcc: 0.8431622700522655 specScore: 89.79% presScore: 36.93% recallScore: 44.03% F1Score: 40.17% MCC: 31.38% AUC: 78.52% AP: 35.73%
Training Metrics rsa,  pcc: 42.22%, pvalue: 0.00%
Training Metrics ss3,  pcc: 88.17%, pvalue: 0.00%
confusion_matrix: [actual_neg=[TN, FP]; actual_pos=[FN, TP]]
[[208036  27295]
 [ 16952  15006]]
The best cut-off value is: 0.78
Training Metrics ppi, Epoch:10  ValAcc: 0.8344600787911213 specScore: 88.40% presScore: 35.47% recallScore: 46.96% F1Score: 40.42% MCC: 31.43% AUC: 78.50% AP: 35.65%
Training Metrics rsa,  pcc: 38.40%, pvalue: 0.00%
Training Metrics ss3,  pcc: 88.16%, pvalue: 0.00%
confusion_matrix: [actual_neg=[TN, FP]; actual_pos=[FN, TP]]
[[221277  14054]
 [ 21668  10290]]
The best cut-off value is: 0.75
Training Metrics ppi, Epoch:11  ValAcc: 0.866354395429666 specScore: 94.03% presScore: 42.27% recallScore: 32.20% F1Score: 36.55% MCC: 29.57% AUC: 78.17% AP: 35.38%
Training Metrics rsa,  pcc: 45.02%, pvalue: 0.00%
Training Metrics ss3,  pcc: 87.70%, pvalue: 0.00%
confusion_matrix: [actual_neg=[TN, FP]; actual_pos=[FN, TP]]
[[218358  16973]
 [ 20264  11694]]
The best cut-off value is: 0.74
Training Metrics ppi, Epoch:12  ValAcc: 0.8606863731765991 specScore: 92.79% presScore: 40.79% recallScore: 36.59% F1Score: 38.58% MCC: 30.81% AUC: 78.21% AP: 35.70%
Training Metrics rsa,  pcc: 38.42%, pvalue: 0.00%
Training Metrics ss3,  pcc: 88.17%, pvalue: 0.00%
confusion_matrix: [actual_neg=[TN, FP]; actual_pos=[FN, TP]]
[[215496  19835]
 [ 19487  12471]]
The best cut-off value is: 0.74
Training Metrics ppi, Epoch:13  ValAcc: 0.8528858276996061 specScore: 91.57% presScore: 38.60% recallScore: 39.02% F1Score: 38.81% MCC: 30.45% AUC: 77.76% AP: 35.36%
Training Metrics rsa,  pcc: 52.30%, pvalue: 0.00%
Training Metrics ss3,  pcc: 88.29%, pvalue: 0.00%
confusion_matrix: [actual_neg=[TN, FP]; actual_pos=[FN, TP]]
[[213330  22001]
 [ 18972  12986]]
The best cut-off value is: 0.75
Training Metrics ppi, Epoch:14  ValAcc: 0.846708992887848 specScore: 90.65% presScore: 37.12% recallScore: 40.63% F1Score: 38.80% MCC: 30.10% AUC: 77.57% AP: 34.62%
Training Metrics rsa,  pcc: 38.20%, pvalue: 0.00%
Training Metrics ss3,  pcc: 88.17%, pvalue: 0.00%
confusion_matrix: [actual_neg=[TN, FP]; actual_pos=[FN, TP]]
[[210127  25204]
 [ 18153  13805]]
The best cut-off value is: 0.78
Training Metrics ppi, Epoch:15  ValAcc: 0.8377898080354972 specScore: 89.29% presScore: 35.39% recallScore: 43.20% F1Score: 38.91% MCC: 29.86% AUC: 77.31% AP: 34.25%
Training Metrics rsa,  pcc: 38.44%, pvalue: 0.00%
Training Metrics ss3,  pcc: 88.17%, pvalue: 0.00%
confusion_matrix: [actual_neg=[TN, FP]; actual_pos=[FN, TP]]
[[229800   5531]
 [ 26334   5624]]
The best cut-off value is: 0.66
Training Metrics ppi, Epoch:16  ValAcc: 0.8807844692448997 specScore: 97.65% presScore: 50.42% recallScore: 17.60% F1Score: 26.09% MCC: 24.74% AUC: 76.36% AP: 33.88%
Training Metrics rsa,  pcc: 37.86%, pvalue: 0.00%
Training Metrics ss3,  pcc: 88.19%, pvalue: 0.00%
confusion_matrix: [actual_neg=[TN, FP]; actual_pos=[FN, TP]]
[[209474  25857]
 [ 18148  13810]]
The best cut-off value is: 0.71
Training Metrics ppi, Epoch:17  ValAcc: 0.8353654658440863 specScore: 89.01% presScore: 34.81% recallScore: 43.21% F1Score: 38.56% MCC: 29.41% AUC: 76.68% AP: 33.81%
Training Metrics rsa,  pcc: 38.11%, pvalue: 0.00%
Training Metrics ss3,  pcc: 88.17%, pvalue: 0.00%
confusion_matrix: [actual_neg=[TN, FP]; actual_pos=[FN, TP]]
[[203194  32137]
 [ 16196  15762]]
The best cut-off value is: 0.78
Training Metrics ppi, Epoch:18  ValAcc: 0.8191732544175031 specScore: 86.34% presScore: 32.91% recallScore: 49.32% F1Score: 39.48% MCC: 30.17% AUC: 77.25% AP: 34.79%
Training Metrics rsa,  pcc: 38.62%, pvalue: 0.00%
Training Metrics ss3,  pcc: 88.23%, pvalue: 0.00%
confusion_matrix: [actual_neg=[TN, FP]; actual_pos=[FN, TP]]
[[215102  20229]
 [ 19381  12577]]
The best cut-off value is: 0.79
Training Metrics ppi, Epoch:19  ValAcc: 0.8518083422812013 specScore: 91.40% presScore: 38.34% recallScore: 39.35% F1Score: 38.84% MCC: 30.41% AUC: 77.47% AP: 35.12%
Training Metrics rsa,  pcc: 44.21%, pvalue: 0.00%
Training Metrics ss3,  pcc: 88.31%, pvalue: 0.00%
confusion_matrix: [actual_neg=[TN, FP]; actual_pos=[FN, TP]]
[[223380  11951]
 [ 22372   9586]]
The best cut-off value is: 0.73
Training Metrics ppi, Epoch:20  ValAcc: 0.8715884305003199 specScore: 94.92% presScore: 44.51% recallScore: 30.00% F1Score: 35.84% MCC: 29.70% AUC: 77.41% AP: 35.46%
Training Metrics rsa,  pcc: 43.51%, pvalue: 0.00%
Training Metrics ss3,  pcc: 88.31%, pvalue: 0.00%
confusion_matrix: [actual_neg=[TN, FP]; actual_pos=[FN, TP]]
[[204968  30363]
 [ 16384  15574]]
The best cut-off value is: 0.80
Training Metrics ppi, Epoch:21  ValAcc: 0.8251069067563573 specScore: 87.10% presScore: 33.90% recallScore: 48.73% F1Score: 39.99% MCC: 30.81% AUC: 77.47% AP: 35.21%
Training Metrics rsa,  pcc: 39.00%, pvalue: 0.00%
Training Metrics ss3,  pcc: 88.31%, pvalue: 0.00%
confusion_matrix: [actual_neg=[TN, FP]; actual_pos=[FN, TP]]
[[222123  13208]
 [ 21955  10003]]
The best cut-off value is: 0.75
Training Metrics ppi, Epoch:22  ValAcc: 0.8684457646966393 specScore: 94.39% presScore: 43.10% recallScore: 31.30% F1Score: 36.26% MCC: 29.60% AUC: 77.03% AP: 34.88%
Training Metrics rsa,  pcc: 52.81%, pvalue: 0.00%
Training Metrics ss3,  pcc: 88.46%, pvalue: 0.00%
confusion_matrix: [actual_neg=[TN, FP]; actual_pos=[FN, TP]]
[[212229  23102]
 [ 18732  13226]]
The best cut-off value is: 0.78
Training Metrics ppi, Epoch:23  ValAcc: 0.8434877604390754 specScore: 90.18% presScore: 36.41% recallScore: 41.39% F1Score: 38.74% MCC: 29.89% AUC: 76.72% AP: 34.18%
Training Metrics rsa,  pcc: 41.25%, pvalue: 0.00%
Training Metrics ss3,  pcc: 88.34%, pvalue: 0.00%
confusion_matrix: [actual_neg=[TN, FP]; actual_pos=[FN, TP]]
[[213125  22206]
 [ 18838  13120]]
The best cut-off value is: 0.79
Training Metrics ppi, Epoch:24  ValAcc: 0.8464433628020607 specScore: 90.56% presScore: 37.14% recallScore: 41.05% F1Score: 39.00% MCC: 30.29% AUC: 76.93% AP: 34.38%
Training Metrics rsa,  pcc: 38.88%, pvalue: 0.00%
Training Metrics ss3,  pcc: 88.32%, pvalue: 0.00%
confusion_matrix: [actual_neg=[TN, FP]; actual_pos=[FN, TP]]
[[214633  20698]
 [ 19246  12712]]
The best cut-off value is: 0.80
Training Metrics ppi, Epoch:25  ValAcc: 0.8505587584973568 specScore: 91.20% presScore: 38.05% recallScore: 39.78% F1Score: 38.89% MCC: 30.40% AUC: 77.09% AP: 34.56%
Training Metrics rsa,  pcc: 40.10%, pvalue: 0.00%
Training Metrics ss3,  pcc: 88.40%, pvalue: 0.00%
confusion_matrix: [actual_neg=[TN, FP]; actual_pos=[FN, TP]]
[[220983  14348]
 [ 21412  10546]]
The best cut-off value is: 0.77
Training Metrics ppi, Epoch:26  ValAcc: 0.8662122272147376 specScore: 93.90% presScore: 42.36% recallScore: 33.00% F1Score: 37.10% MCC: 30.03% AUC: 77.17% AP: 35.29%
Training Metrics rsa,  pcc: 54.15%, pvalue: 0.00%
Training Metrics ss3,  pcc: 88.57%, pvalue: 0.00%
confusion_matrix: [actual_neg=[TN, FP]; actual_pos=[FN, TP]]
[[218970  16361]
 [ 21019  10939]]
The best cut-off value is: 0.73
Training Metrics ppi, Epoch:27  ValAcc: 0.8601513717362106 specScore: 93.05% presScore: 40.07% recallScore: 34.23% F1Score: 36.92% MCC: 29.22% AUC: 76.60% AP: 34.22%
Training Metrics rsa,  pcc: 38.68%, pvalue: 0.00%
Training Metrics ss3,  pcc: 88.47%, pvalue: 0.00%
confusion_matrix: [actual_neg=[TN, FP]; actual_pos=[FN, TP]]
[[215605  19726]
 [ 19814  12144]]
The best cut-off value is: 0.73
Training Metrics ppi, Epoch:28  ValAcc: 0.8520702310981746 specScore: 91.62% presScore: 38.10% recallScore: 38.00% F1Score: 38.05% MCC: 29.65% AUC: 77.03% AP: 34.68%
Training Metrics rsa,  pcc: 49.13%, pvalue: 0.00%
Training Metrics ss3,  pcc: 88.62%, pvalue: 0.00%
confusion_matrix: [actual_neg=[TN, FP]; actual_pos=[FN, TP]]
[[211662  23669]
 [ 18480  13478]]
The best cut-off value is: 0.77
Training Metrics ppi, Epoch:29  ValAcc: 0.8423092607626951 specScore: 89.94% presScore: 36.28% recallScore: 42.17% F1Score: 39.01% MCC: 30.12% AUC: 76.90% AP: 34.68%
Training Metrics rsa,  pcc: 46.74%, pvalue: 0.00%
Training Metrics ss3,  pcc: 88.59%, pvalue: 0.00%
confusion_matrix: [actual_neg=[TN, FP]; actual_pos=[FN, TP]]
[[219103  16228]
 [ 21528  10430]]
The best cut-off value is: 0.73
Training Metrics ppi, Epoch:30  ValAcc: 0.8587446546621821 specScore: 93.10% presScore: 39.13% recallScore: 32.64% F1Score: 35.59% MCC: 27.87% AUC: 76.62% AP: 33.85%
Training Metrics rsa,  pcc: 54.05%, pvalue: 0.00%
Training Metrics ss3,  pcc: 88.73%, pvalue: 0.00%
confusion_matrix: [actual_neg=[TN, FP]; actual_pos=[FN, TP]]
[[219202  16129]
 [ 21182  10776]]
The best cut-off value is: 0.65
Training Metrics ppi, Epoch:31  ValAcc: 0.8604095192843702 specScore: 93.15% presScore: 40.05% recallScore: 33.72% F1Score: 36.61% MCC: 28.97% AUC: 76.28% AP: 34.17%
Training Metrics rsa,  pcc: 42.82%, pvalue: 0.00%
Training Metrics ss3,  pcc: 88.62%, pvalue: 0.00%
confusion_matrix: [actual_neg=[TN, FP]; actual_pos=[FN, TP]]
[[228802   6529]
 [ 27844   4114]]
The best cut-off value is: 0.07
Training Metrics ppi, Epoch:32  ValAcc: 0.8714013670596246 specScore: 97.23% presScore: 38.65% recallScore: 12.87% F1Score: 19.31% MCC: 16.76% AUC: 69.70% AP: 26.19%
Training Metrics rsa,  pcc: 35.02%, pvalue: 0.00%
Training Metrics ss3,  pcc: 88.68%, pvalue: 0.00%
confusion_matrix: [actual_neg=[TN, FP]; actual_pos=[FN, TP]]
[[187118  48213]
 [ 13483  18475]]
The best cut-off value is: 0.57
Training Metrics ppi, Epoch:33  ValAcc: 0.7691786792572833 specScore: 79.51% presScore: 27.70% recallScore: 57.81% F1Score: 37.46% MCC: 27.98% AUC: 76.05% AP: 33.10%
Training Metrics rsa,  pcc: 54.38%, pvalue: 0.00%
Training Metrics ss3,  pcc: 88.89%, pvalue: 0.00%
confusion_matrix: [actual_neg=[TN, FP]; actual_pos=[FN, TP]]
[[209442  25889]
 [ 18042  13916]]
The best cut-off value is: 0.69
Training Metrics ppi, Epoch:34  ValAcc: 0.8356423197363154 specScore: 89.00% presScore: 34.96% recallScore: 43.54% F1Score: 38.78% MCC: 29.66% AUC: 76.89% AP: 34.31%
Training Metrics rsa,  pcc: 54.34%, pvalue: 0.00%
Training Metrics ss3,  pcc: 89.02%, pvalue: 0.00%
confusion_matrix: [actual_neg=[TN, FP]; actual_pos=[FN, TP]]
[[213584  21747]
 [ 19756  12202]]
The best cut-off value is: 0.71
Training Metrics ppi, Epoch:35  ValAcc: 0.8447261204164781 specScore: 90.76% presScore: 35.94% recallScore: 38.18% F1Score: 37.03% MCC: 28.20% AUC: 76.17% AP: 33.29%
Training Metrics rsa,  pcc: 51.99%, pvalue: 0.00%
Training Metrics ss3,  pcc: 89.12%, pvalue: 0.00%
confusion_matrix: [actual_neg=[TN, FP]; actual_pos=[FN, TP]]
[[227509   7822]
 [ 25794   6164]]
The best cut-off value is: 0.24
Training Metrics ppi, Epoch:36  ValAcc: 0.8742335075517511 specScore: 96.68% presScore: 44.07% recallScore: 19.29% F1Score: 26.83% MCC: 23.26% AUC: 74.48% AP: 31.44%
Training Metrics rsa,  pcc: 42.54%, pvalue: 0.00%
Training Metrics ss3,  pcc: 89.05%, pvalue: 0.00%
confusion_matrix: [actual_neg=[TN, FP]; actual_pos=[FN, TP]]
[[216133  19198]
 [ 21869  10089]]
The best cut-off value is: 0.19
Training Metrics ppi, Epoch:37  ValAcc: 0.8463573136193409 specScore: 91.84% presScore: 34.45% recallScore: 31.57% F1Score: 32.95% MCC: 24.32% AUC: 73.64% AP: 30.22%
Training Metrics rsa,  pcc: 53.41%, pvalue: 0.00%
Training Metrics ss3,  pcc: 89.10%, pvalue: 0.00%
confusion_matrix: [actual_neg=[TN, FP]; actual_pos=[FN, TP]]
[[218002  17329]
 [ 23773   8185]]
The best cut-off value is: 0.08
Training Metrics ppi, Epoch:38  ValAcc: 0.8462263692108541 specScore: 92.64% presScore: 32.08% recallScore: 25.61% F1Score: 28.48% MCC: 20.15% AUC: 70.01% AP: 26.54%
Training Metrics rsa,  pcc: 36.99%, pvalue: 0.00%
Training Metrics ss3,  pcc: 89.17%, pvalue: 0.00%
confusion_matrix: [actual_neg=[TN, FP]; actual_pos=[FN, TP]]
[[192401  42930]
 [ 14572  17386]]
The best cut-off value is: 0.50
Training Metrics ppi, Epoch:39  ValAcc: 0.7848695606628032 specScore: 81.76% presScore: 28.82% recallScore: 54.40% F1Score: 37.68% MCC: 28.07% AUC: 75.94% AP: 32.93%
Training Metrics rsa,  pcc: 54.50%, pvalue: 0.00%
Training Metrics ss3,  pcc: 89.47%, pvalue: 0.00%
confusion_matrix: [actual_neg=[TN, FP]; actual_pos=[FN, TP]]
[[209093  26238]
 [ 18398  13560]]
The best cut-off value is: 0.67
Training Metrics ppi, Epoch:40  ValAcc: 0.833004725222512 specScore: 88.85% presScore: 34.07% recallScore: 42.43% F1Score: 37.79% MCC: 28.51% AUC: 75.94% AP: 33.69%
Training Metrics rsa,  pcc: 42.87%, pvalue: 0.00%
Training Metrics ss3,  pcc: 89.45%, pvalue: 0.00%
confusion_matrix: [actual_neg=[TN, FP]; actual_pos=[FN, TP]]
[[221406  13925]
 [ 22968   8990]]
The best cut-off value is: 0.44
Training Metrics ppi, Epoch:41  ValAcc: 0.8619733696485826 specScore: 94.08% presScore: 39.23% recallScore: 28.13% F1Score: 32.77% MCC: 25.74% AUC: 75.23% AP: 32.52%
Training Metrics rsa,  pcc: 49.78%, pvalue: 0.00%
Training Metrics ss3,  pcc: 89.74%, pvalue: 0.00%
confusion_matrix: [actual_neg=[TN, FP]; actual_pos=[FN, TP]]
[[204992  30339]
 [ 16724  15234]]
The best cut-off value is: 0.71
Training Metrics ppi, Epoch:42  ValAcc: 0.8239246658111632 specScore: 87.11% presScore: 33.43% recallScore: 47.67% F1Score: 39.30% MCC: 30.00% AUC: 76.74% AP: 34.77%
Training Metrics rsa,  pcc: 48.03%, pvalue: 0.00%
Training Metrics ss3,  pcc: 89.85%, pvalue: 0.00%
confusion_matrix: [actual_neg=[TN, FP]; actual_pos=[FN, TP]]
[[225027  10304]
 [ 24476   7482]]
The best cut-off value is: 0.34
Training Metrics ppi, Epoch:43  ValAcc: 0.869878670652365 specScore: 95.62% presScore: 42.07% recallScore: 23.41% F1Score: 30.08% MCC: 24.78% AUC: 74.79% AP: 32.03%
Training Metrics rsa,  pcc: 45.10%, pvalue: 0.00%
Training Metrics ss3,  pcc: 90.04%, pvalue: 0.00%
confusion_matrix: [actual_neg=[TN, FP]; actual_pos=[FN, TP]]
[[200864  34467]
 [ 15994  15964]]
The best cut-off value is: 0.65
Training Metrics ppi, Epoch:44  ValAcc: 0.8112118343815121 specScore: 85.35% presScore: 31.66% recallScore: 49.95% F1Score: 38.75% MCC: 29.28% AUC: 76.56% AP: 33.59%
Training Metrics rsa,  pcc: 54.94%, pvalue: 0.00%
Training Metrics ss3,  pcc: 90.38%, pvalue: 0.00%
confusion_matrix: [actual_neg=[TN, FP]; actual_pos=[FN, TP]]
[[213722  21609]
 [ 19652  12306]]
The best cut-off value is: 0.69
Training Metrics ppi, Epoch:45  ValAcc: 0.8456315074694432 specScore: 90.82% presScore: 36.28% recallScore: 38.51% F1Score: 37.36% MCC: 28.58% AUC: 76.13% AP: 33.72%
Training Metrics rsa,  pcc: 54.29%, pvalue: 0.00%
Training Metrics ss3,  pcc: 90.63%, pvalue: 0.00%
confusion_matrix: [actual_neg=[TN, FP]; actual_pos=[FN, TP]]
[[229234   6097]
 [ 27902   4056]]
The best cut-off value is: 0.04
Training Metrics ppi, Epoch:46  ValAcc: 0.8728006015960252 specScore: 97.41% presScore: 39.95% recallScore: 12.69% F1Score: 19.26% MCC: 17.14% AUC: 69.48% AP: 26.19%
Training Metrics rsa,  pcc: 46.24%, pvalue: 0.00%
Training Metrics ss3,  pcc: 90.67%, pvalue: 0.00%
confusion_matrix: [actual_neg=[TN, FP]; actual_pos=[FN, TP]]
[[182211  53120]
 [ 12696  19262]]
The best cut-off value is: 0.64
Training Metrics ppi, Epoch:47  ValAcc: 0.7537646517439924 specScore: 77.43% presScore: 26.61% recallScore: 60.27% F1Score: 36.92% MCC: 27.53% AUC: 75.90% AP: 33.26%
Training Metrics rsa,  pcc: 54.77%, pvalue: 0.00%
Training Metrics ss3,  pcc: 90.92%, pvalue: 0.00%
confusion_matrix: [actual_neg=[TN, FP]; actual_pos=[FN, TP]]
[[224331  11000]
 [ 24084   7874]]
The best cut-off value is: 0.23
Training Metrics ppi, Epoch:48  ValAcc: 0.8687413249329378 specScore: 95.33% presScore: 41.72% recallScore: 24.64% F1Score: 30.98% MCC: 25.29% AUC: 74.82% AP: 32.10%
Training Metrics rsa,  pcc: 49.69%, pvalue: 0.00%
Training Metrics ss3,  pcc: 91.23%, pvalue: 0.00%
confusion_matrix: [actual_neg=[TN, FP]; actual_pos=[FN, TP]]
[[223085  12246]
 [ 24907   7051]]
The best cut-off value is: 0.03
Training Metrics ppi, Epoch:49  ValAcc: 0.8610006397569672 specScore: 94.80% presScore: 36.54% recallScore: 22.06% F1Score: 27.51% MCC: 21.14% AUC: 71.19% AP: 27.76%
Training Metrics rsa,  pcc: 47.87%, pvalue: 0.00%
Training Metrics ss3,  pcc: 91.44%, pvalue: 0.00%
confusion_matrix: [actual_neg=[TN, FP]; actual_pos=[FN, TP]]
[[185589  49742]
 [ 13686  18272]]
The best cut-off value is: 0.56
Training Metrics ppi, Epoch:50  ValAcc: 0.7626988016715989 specScore: 78.86% presScore: 26.87% recallScore: 57.18% F1Score: 36.55% MCC: 26.85% AUC: 75.18% AP: 31.72%
Training Metrics rsa,  pcc: 55.75%, pvalue: 0.00%
Training Metrics ss3,  pcc: 91.69%, pvalue: 0.00%
confusion_matrix: [actual_neg=[TN, FP]; actual_pos=[FN, TP]]
[[228904   6427]
 [ 27781   4177]]
The best cut-off value is: 0.02
Training Metrics ppi, Epoch:51  ValAcc: 0.8720186764139191 specScore: 97.27% presScore: 39.39% recallScore: 13.07% F1Score: 19.63% MCC: 17.19% AUC: 68.95% AP: 25.81%
Training Metrics rsa,  pcc: 45.95%, pvalue: 0.00%
Training Metrics ss3,  pcc: 91.76%, pvalue: 0.00%
confusion_matrix: [actual_neg=[TN, FP]; actual_pos=[FN, TP]]
[[194072  41259]
 [ 15873  16085]]
The best cut-off value is: 0.27
Training Metrics ppi, Epoch:52  ValAcc: 0.7862538301239482 specScore: 82.47% presScore: 28.05% recallScore: 50.33% F1Score: 36.02% MCC: 25.92% AUC: 74.45% AP: 31.03%
Training Metrics rsa,  pcc: 56.12%, pvalue: 0.00%
Training Metrics ss3,  pcc: 92.05%, pvalue: 0.00%
confusion_matrix: [actual_neg=[TN, FP]; actual_pos=[FN, TP]]
[[221360  13971]
 [ 24258   7700]]
The best cut-off value is: 0.06
Training Metrics ppi, Epoch:53  ValAcc: 0.8569750345132048 specScore: 94.06% presScore: 35.53% recallScore: 24.09% F1Score: 28.72% MCC: 21.58% AUC: 71.67% AP: 28.01%
Training Metrics rsa,  pcc: 42.99%, pvalue: 0.00%
Training Metrics ss3,  pcc: 92.20%, pvalue: 0.00%
confusion_matrix: [actual_neg=[TN, FP]; actual_pos=[FN, TP]]
[[208271  27060]
 [ 20129  11829]]
The best cut-off value is: 0.14
Training Metrics ppi, Epoch:54  ValAcc: 0.8234532659406111 specScore: 88.50% presScore: 30.42% recallScore: 37.01% F1Score: 33.39% MCC: 23.48% AUC: 72.43% AP: 28.84%
Training Metrics rsa,  pcc: 52.65%, pvalue: 0.00%
Training Metrics ss3,  pcc: 92.39%, pvalue: 0.00%
confusion_matrix: [actual_neg=[TN, FP]; actual_pos=[FN, TP]]
[[213972  21359]
 [ 22029   9929]]
The best cut-off value is: 0.13
Training Metrics ppi, Epoch:55  ValAcc: 0.837673828702266 specScore: 90.92% presScore: 31.73% recallScore: 31.07% F1Score: 31.40% MCC: 22.20% AUC: 71.46% AP: 27.82%
Training Metrics rsa,  pcc: 51.21%, pvalue: 0.00%
Training Metrics ss3,  pcc: 92.53%, pvalue: 0.00%
confusion_matrix: [actual_neg=[TN, FP]; actual_pos=[FN, TP]]
[[193165  42166]
 [ 14644  17314]]
The best cut-off value is: 0.63
Training Metrics ppi, Epoch:56  ValAcc: 0.7874585186820259 specScore: 82.08% presScore: 29.11% recallScore: 54.18% F1Score: 37.87% MCC: 28.28% AUC: 76.10% AP: 32.88%
Training Metrics rsa,  pcc: 56.19%, pvalue: 0.00%
Training Metrics ss3,  pcc: 92.51%, pvalue: 0.00%
confusion_matrix: [actual_neg=[TN, FP]; actual_pos=[FN, TP]]
[[231197   4134]
 [ 29016   2942]]
The best cut-off value is: 0.00
Training Metrics ppi, Epoch:57  ValAcc: 0.875976938819031 specScore: 98.24% presScore: 41.58% recallScore: 9.21% F1Score: 15.07% MCC: 15.05% AUC: 68.03% AP: 24.80%
Training Metrics rsa,  pcc: 41.36%, pvalue: 0.00%
Training Metrics ss3,  pcc: 92.57%, pvalue: 0.00%
confusion_matrix: [actual_neg=[TN, FP]; actual_pos=[FN, TP]]
[[181918  53413]
 [ 14901  17057]]
The best cut-off value is: 0.27
Training Metrics ppi, Epoch:58  ValAcc: 0.7444189622468564 specScore: 77.30% presScore: 24.20% recallScore: 53.37% F1Score: 33.31% MCC: 22.59% AUC: 71.66% AP: 28.35%
Training Metrics rsa,  pcc: 45.18%, pvalue: 0.00%
Training Metrics ss3,  pcc: 92.83%, pvalue: 0.00%
confusion_matrix: [actual_neg=[TN, FP]; actual_pos=[FN, TP]]
[[222422  12909]
 [ 25396   6562]]
The best cut-off value is: 0.04
Training Metrics ppi, Epoch:59  ValAcc: 0.856690698083348 specScore: 94.51% presScore: 33.70% recallScore: 20.53% F1Score: 25.52% MCC: 18.79% AUC: 68.39% AP: 25.52%
Training Metrics rsa,  pcc: 44.43%, pvalue: 0.00%
Training Metrics ss3,  pcc: 92.79%, pvalue: 0.00%
confusion_matrix: [actual_neg=[TN, FP]; actual_pos=[FN, TP]]
[[205886  29445]
 [ 19680  12278]]
The best cut-off value is: 0.12
Training Metrics ppi, Epoch:60  ValAcc: 0.81621016951689 specScore: 87.49% presScore: 29.43% recallScore: 38.42% F1Score: 33.33% MCC: 23.16% AUC: 71.78% AP: 28.39%
Training Metrics rsa,  pcc: 51.88%, pvalue: 0.00%
Training Metrics ss3,  pcc: 92.94%, pvalue: 0.00%
confusion_matrix: [actual_neg=[TN, FP]; actual_pos=[FN, TP]]
[[224948  10383]
 [ 27253   4705]]
The best cut-off value is: 0.00
Training Metrics ppi, Epoch:61  ValAcc: 0.8591936069198508 specScore: 95.59% presScore: 31.18% recallScore: 14.72% F1Score: 20.00% MCC: 14.49% AUC: 63.18% AP: 21.58%
Training Metrics rsa,  pcc: 40.38%, pvalue: 0.00%
Training Metrics ss3,  pcc: 92.99%, pvalue: 0.00%
confusion_matrix: [actual_neg=[TN, FP]; actual_pos=[FN, TP]]
[[204135  31196]
 [ 20113  11845]]
The best cut-off value is: 0.02
Training Metrics ppi, Epoch:62  ValAcc: 0.8080392384273203 specScore: 86.74% presScore: 27.52% recallScore: 37.06% F1Score: 31.59% MCC: 21.02% AUC: 69.40% AP: 26.47%
Training Metrics rsa,  pcc: 51.68%, pvalue: 0.00%
Training Metrics ss3,  pcc: 92.95%, pvalue: 0.00%
confusion_matrix: [actual_neg=[TN, FP]; actual_pos=[FN, TP]]
[[207632  27699]
 [ 20851  11107]]
The best cut-off value is: 0.05
Training Metrics ppi, Epoch:63  ValAcc: 0.8183613990848857 specScore: 88.23% presScore: 28.62% recallScore: 34.75% F1Score: 31.39% MCC: 21.17% AUC: 69.92% AP: 26.67%
Training Metrics rsa,  pcc: 50.60%, pvalue: 0.00%
Training Metrics ss3,  pcc: 93.13%, pvalue: 0.00%
confusion_matrix: [actual_neg=[TN, FP]; actual_pos=[FN, TP]]
[[200189  35142]
 [ 17302  14656]]
The best cut-off value is: 0.33
Training Metrics ppi, Epoch:64  ValAcc: 0.8037928983235374 specScore: 85.07% presScore: 29.43% recallScore: 45.86% F1Score: 35.85% MCC: 25.77% AUC: 73.86% AP: 30.63%
Training Metrics rsa,  pcc: 55.13%, pvalue: 0.00%
Training Metrics ss3,  pcc: 93.34%, pvalue: 0.00%
confusion_matrix: [actual_neg=[TN, FP]; actual_pos=[FN, TP]]
[[217511  17820]
 [ 22037   9921]]
The best cut-off value is: 0.21
Training Metrics ppi, Epoch:65  ValAcc: 0.8508842488841666 specScore: 92.43% presScore: 35.76% recallScore: 31.04% F1Score: 33.24% MCC: 24.97% AUC: 73.48% AP: 30.23%
Training Metrics rsa,  pcc: 57.23%, pvalue: 0.00%
Training Metrics ss3,  pcc: 93.20%, pvalue: 0.00%
confusion_matrix: [actual_neg=[TN, FP]; actual_pos=[FN, TP]]
[[223513  11818]
 [ 25766   6192]]
The best cut-off value is: 0.02
Training Metrics ppi, Epoch:66  ValAcc: 0.8593881528981739 specScore: 94.98% presScore: 34.38% recallScore: 19.38% F1Score: 24.78% MCC: 18.58% AUC: 67.79% AP: 25.17%
Training Metrics rsa,  pcc: 50.83%, pvalue: 0.00%
Training Metrics ss3,  pcc: 93.19%, pvalue: 0.00%
confusion_matrix: [actual_neg=[TN, FP]; actual_pos=[FN, TP]]
[[215829  19502]
 [ 23150   8808]]
The best cut-off value is: 0.01
Training Metrics ppi, Epoch:67  ValAcc: 0.8404274025493006 specScore: 91.71% presScore: 31.11% recallScore: 27.56% F1Score: 29.23% MCC: 20.32% AUC: 68.75% AP: 25.87%
Training Metrics rsa,  pcc: 43.48%, pvalue: 0.00%
Training Metrics ss3,  pcc: 93.30%, pvalue: 0.00%
confusion_matrix: [actual_neg=[TN, FP]; actual_pos=[FN, TP]]
[[207371  27960]
 [ 20152  11806]]
The best cut-off value is: 0.03
Training Metrics ppi, Epoch:68  ValAcc: 0.8200000748253763 specScore: 88.12% presScore: 29.69% recallScore: 36.94% F1Score: 32.92% MCC: 22.85% AUC: 71.29% AP: 27.86%
Training Metrics rsa,  pcc: 49.98%, pvalue: 0.00%
Training Metrics ss3,  pcc: 93.39%, pvalue: 0.00%
confusion_matrix: [actual_neg=[TN, FP]; actual_pos=[FN, TP]]
[[217337  17994]
 [ 24685   7273]]
The best cut-off value is: 0.01
Training Metrics ppi, Epoch:69  ValAcc: 0.8403263882913251 specScore: 92.35% presScore: 28.78% recallScore: 22.76% F1Score: 25.42% MCC: 16.76% AUC: 66.26% AP: 23.37%
Training Metrics rsa,  pcc: 41.60%, pvalue: 0.00%
Training Metrics ss3,  pcc: 93.35%, pvalue: 0.00%
confusion_matrix: [actual_neg=[TN, FP]; actual_pos=[FN, TP]]
[[213242  22089]
 [ 23491   8467]]
The best cut-off value is: 0.01
Training Metrics ppi, Epoch:70  ValAcc: 0.8294729674621851 specScore: 90.61% presScore: 27.71% recallScore: 26.49% F1Score: 27.09% MCC: 17.44% AUC: 66.47% AP: 23.71%
Training Metrics rsa,  pcc: 40.77%, pvalue: 0.00%
Training Metrics ss3,  pcc: 93.43%, pvalue: 0.00%
confusion_matrix: [actual_neg=[TN, FP]; actual_pos=[FN, TP]]
[[207930  27401]
 [ 20459  11499]]
The best cut-off value is: 0.02
Training Metrics ppi, Epoch:71  ValAcc: 0.8209428745664805 specScore: 88.36% presScore: 29.56% recallScore: 35.98% F1Score: 32.46% MCC: 22.39% AUC: 70.68% AP: 27.43%
Training Metrics rsa,  pcc: 49.60%, pvalue: 0.00%
Training Metrics ss3,  pcc: 93.48%, pvalue: 0.00%
confusion_matrix: [actual_neg=[TN, FP]; actual_pos=[FN, TP]]
[[214590  20741]
 [ 22287   9671]]
The best cut-off value is: 0.02
Training Metrics ppi, Epoch:72  ValAcc: 0.8390206854752721 specScore: 91.19% presScore: 31.80% recallScore: 30.26% F1Score: 31.01% MCC: 21.91% AUC: 70.58% AP: 27.18%
Training Metrics rsa,  pcc: 49.26%, pvalue: 0.00%
Training Metrics ss3,  pcc: 93.51%, pvalue: 0.00%
confusion_matrix: [actual_neg=[TN, FP]; actual_pos=[FN, TP]]
[[188117  47214]
 [ 14357  17601]]
The best cut-off value is: 0.42
Training Metrics ppi, Epoch:73  ValAcc: 0.7696463378590215 specScore: 79.94% presScore: 27.16% recallScore: 55.08% F1Score: 36.38% MCC: 26.51% AUC: 74.52% AP: 31.27%
Training Metrics rsa,  pcc: 57.72%, pvalue: 0.00%
Training Metrics ss3,  pcc: 93.65%, pvalue: 0.00%
confusion_matrix: [actual_neg=[TN, FP]; actual_pos=[FN, TP]]
[[222356  12975]
 [ 23725   8233]]
The best cut-off value is: 0.09
Training Metrics ppi, Epoch:74  ValAcc: 0.8626954345296663 specScore: 94.49% presScore: 38.82% recallScore: 25.76% F1Score: 30.97% MCC: 24.31% AUC: 73.24% AP: 30.46%
Training Metrics rsa,  pcc: 55.11%, pvalue: 0.00%
Training Metrics ss3,  pcc: 93.55%, pvalue: 0.00%
confusion_matrix: [actual_neg=[TN, FP]; actual_pos=[FN, TP]]
[[218048  17283]
 [ 22843   9115]]
The best cut-off value is: 0.04
Training Metrics ppi, Epoch:75  ValAcc: 0.8498778475732259 specScore: 92.66% presScore: 34.53% recallScore: 28.52% F1Score: 31.24% MCC: 23.03% AUC: 71.57% AP: 28.66%
Training Metrics rsa,  pcc: 53.46%, pvalue: 0.00%
Training Metrics ss3,  pcc: 93.61%, pvalue: 0.00%
confusion_matrix: [actual_neg=[TN, FP]; actual_pos=[FN, TP]]
[[195471  39860]
 [ 15165  16793]]
The best cut-off value is: 0.44
Training Metrics ppi, Epoch:76  ValAcc: 0.7941366835148472 specScore: 83.06% presScore: 29.64% recallScore: 52.55% F1Score: 37.90% MCC: 28.27% AUC: 75.65% AP: 33.24%
Training Metrics rsa,  pcc: 57.88%, pvalue: 0.00%
Training Metrics ss3,  pcc: 93.65%, pvalue: 0.00%
confusion_matrix: [actual_neg=[TN, FP]; actual_pos=[FN, TP]]
[[227337   7994]
 [ 27374   4584]]
The best cut-off value is: 0.01
Training Metrics ppi, Epoch:77  ValAcc: 0.8676788045897886 specScore: 96.60% presScore: 36.44% recallScore: 14.34% F1Score: 20.59% MCC: 16.77% AUC: 67.15% AP: 24.38%
Training Metrics rsa,  pcc: 43.93%, pvalue: 0.00%
Training Metrics ss3,  pcc: 93.61%, pvalue: 0.00%
confusion_matrix: [actual_neg=[TN, FP]; actual_pos=[FN, TP]]
[[207770  27561]
 [ 21142  10816]]
The best cut-off value is: 0.03
Training Metrics ppi, Epoch:78  ValAcc: 0.8177889849563581 specScore: 88.29% presScore: 28.18% recallScore: 33.84% F1Score: 30.76% MCC: 20.48% AUC: 68.63% AP: 26.02%
Training Metrics rsa,  pcc: 50.29%, pvalue: 0.00%
Training Metrics ss3,  pcc: 93.64%, pvalue: 0.00%
confusion_matrix: [actual_neg=[TN, FP]; actual_pos=[FN, TP]]
[[198337  36994]
 [ 16778  15180]]
The best cut-off value is: 0.30
Training Metrics ppi, Epoch:79  ValAcc: 0.7988244933386709 specScore: 84.28% presScore: 29.09% recallScore: 47.50% F1Score: 36.09% MCC: 26.01% AUC: 73.92% AP: 31.12%
Training Metrics rsa,  pcc: 57.47%, pvalue: 0.00%
Training Metrics ss3,  pcc: 93.74%, pvalue: 0.00%
confusion_matrix: [actual_neg=[TN, FP]; actual_pos=[FN, TP]]
[[225708   9623]
 [ 27085   4873]]
The best cut-off value is: 0.01
Training Metrics ppi, Epoch:80  ValAcc: 0.8626655043791551 specScore: 95.91% presScore: 33.62% recallScore: 15.25% F1Score: 20.98% MCC: 15.99% AUC: 66.03% AP: 23.52%
Training Metrics rsa,  pcc: 41.05%, pvalue: 0.00%
Training Metrics ss3,  pcc: 93.77%, pvalue: 0.00%
confusion_matrix: [actual_neg=[TN, FP]; actual_pos=[FN, TP]]
[[210016  25315]
 [ 21785  10173]]
The best cut-off value is: 0.01
Training Metrics ppi, Epoch:81  ValAcc: 0.8237862388650486 specScore: 89.24% presScore: 28.67% recallScore: 31.83% F1Score: 30.17% MCC: 20.15% AUC: 68.50% AP: 25.51%
Training Metrics rsa,  pcc: 44.01%, pvalue: 0.00%
Training Metrics ss3,  pcc: 93.74%, pvalue: 0.00%
confusion_matrix: [actual_neg=[TN, FP]; actual_pos=[FN, TP]]
[[205078  30253]
 [ 18706  13252]]
The best cut-off value is: 0.09
Training Metrics ppi, Epoch:82  ValAcc: 0.8168312201399983 specScore: 87.14% presScore: 30.46% recallScore: 41.47% F1Score: 35.12% MCC: 25.15% AUC: 73.02% AP: 29.80%
Training Metrics rsa,  pcc: 50.07%, pvalue: 0.00%
Training Metrics ss3,  pcc: 93.71%, pvalue: 0.00%
confusion_matrix: [actual_neg=[TN, FP]; actual_pos=[FN, TP]]
[[201100  34231]
 [ 16639  15319]]
The best cut-off value is: 0.48
Training Metrics ppi, Epoch:83  ValAcc: 0.8096816554366247 specScore: 85.45% presScore: 30.92% recallScore: 47.93% F1Score: 37.59% MCC: 27.88% AUC: 75.29% AP: 32.64%
Training Metrics rsa,  pcc: 58.02%, pvalue: 0.00%
Training Metrics ss3,  pcc: 93.83%, pvalue: 0.00%
confusion_matrix: [actual_neg=[TN, FP]; actual_pos=[FN, TP]]
[[228480   6851]
 [ 27756   4202]]
The best cut-off value is: 0.00
Training Metrics ppi, Epoch:84  ValAcc: 0.8705259101571707 specScore: 97.09% presScore: 38.02% recallScore: 13.15% F1Score: 19.54% MCC: 16.68% AUC: 68.28% AP: 25.26%
Training Metrics rsa,  pcc: 44.14%, pvalue: 0.00%
Training Metrics ss3,  pcc: 93.77%, pvalue: 0.00%
confusion_matrix: [actual_neg=[TN, FP]; actual_pos=[FN, TP]]
[[210077  25254]
 [ 22575   9383]]
The best cut-off value is: 0.01
Training Metrics ppi, Epoch:85  ValAcc: 0.8210588538997116 specScore: 89.27% presScore: 27.09% recallScore: 29.36% F1Score: 28.18% MCC: 18.00% AUC: 66.32% AP: 23.83%
Training Metrics rsa,  pcc: 40.15%, pvalue: 0.00%
Training Metrics ss3,  pcc: 93.76%, pvalue: 0.00%
confusion_matrix: [actual_neg=[TN, FP]; actual_pos=[FN, TP]]
[[213345  21986]
 [ 23095   8863]]
The best cut-off value is: 0.01
Training Metrics ppi, Epoch:86  ValAcc: 0.8313398606003239 specScore: 90.66% presScore: 28.73% recallScore: 27.73% F1Score: 28.22% MCC: 18.67% AUC: 66.80% AP: 24.26%
Training Metrics rsa,  pcc: 43.81%, pvalue: 0.00%
Training Metrics ss3,  pcc: 93.87%, pvalue: 0.00%
confusion_matrix: [actual_neg=[TN, FP]; actual_pos=[FN, TP]]
[[194626  40705]
 [ 16150  15808]]
The best cut-off value is: 0.16
Training Metrics ppi, Epoch:87  ValAcc: 0.7872901615854001 specScore: 82.70% presScore: 27.97% recallScore: 49.46% F1Score: 35.74% MCC: 25.56% AUC: 73.44% AP: 30.38%
Training Metrics rsa,  pcc: 54.75%, pvalue: 0.00%
Training Metrics ss3,  pcc: 93.86%, pvalue: 0.00%
confusion_matrix: [actual_neg=[TN, FP]; actual_pos=[FN, TP]]
[[224901  10430]
 [ 26972   4986]]
The best cut-off value is: 0.00
Training Metrics ppi, Epoch:88  ValAcc: 0.8600690638223047 specScore: 95.57% presScore: 32.34% recallScore: 15.60% F1Score: 21.05% MCC: 15.55% AUC: 64.55% AP: 22.63%
Training Metrics rsa,  pcc: 39.36%, pvalue: 0.00%
Training Metrics ss3,  pcc: 93.81%, pvalue: 0.00%
confusion_matrix: [actual_neg=[TN, FP]; actual_pos=[FN, TP]]
[[203866  31465]
 [ 18179  13779]]
The best cut-off value is: 0.03
Training Metrics ppi, Epoch:89  ValAcc: 0.814268451002473 specScore: 86.63% presScore: 30.45% recallScore: 43.12% F1Score: 35.70% MCC: 25.74% AUC: 73.22% AP: 30.42%
Training Metrics rsa,  pcc: 52.54%, pvalue: 0.00%
Training Metrics ss3,  pcc: 93.84%, pvalue: 0.00%
Restoring model weights from the best epoch: 09 with the best VAL_AUC: 78.52%
You are saving your model as an HDF5 file via `model.save()`. This file format is considered legacy. We recommend using instead the native Keras format, e.g. `model.save('my_model.keras')`.
Training time: 7:13:21.786629
:) performTesting
:) testModel
%%%%%%% loading the saved model:  ../models/mtnet-ppi/mtnet-ppi-model.hdf5
:) doTesting
## Testing ../data/prepared_ZK448_win_p_benchmark.csv at: 01-06-2024#01:00:42 ##
testDataset is None
Shape featuresTable: (336, 2) | Shape labelvec: (336, 5)
Shape inputData: (336, 1170, 1025)
Shape labelData: (336, 1170, 5)
truelabels (336, 1170, 5)
Shape featuresTable: (336, 1170, 1025) | Shape labelvec: (336, 1170, 5)
doKerasModelTesting
:) doKerasModelTesting
Testing time: 0:00:07.596117
confusion_matrix: [actual_neg=[TN, FP]; actual_pos=[FN, TP]]
[[ 3576 65555]
 [   81 15729]]
The best cut-off value is: 0.76
Testing Metrics ppi,  ValAcc: 0.22727540292673737 specScore: 5.17% presScore: 19.35% recallScore: 99.49% F1Score: 32.40% MCC: 8.94% AUC: 79.11% AP: 48.61%
Testing Metrics rsa,  pcc: 49.87%, pvalue: 0.00%
Testing Metrics ss3,  pcc: 90.84%, pvalue: 0.00%
:) plotMetrics

## Generating metrics-data per protein for @@: ../models/mtnet-ppi/metrics-per-prot-mtnet-ppi.csv @@
## Prediction plot generated for: ../models/mtnet-ppi/PPLOTS_preds-ZK448_P.html
:) doTesting
## Testing ../data/prepared_biolip_win_p_testing.csv at: 01-06-2024#01:02:28 ##
testDataset is None
Shape featuresTable: (228, 2) | Shape labelvec: (228, 5)
Shape inputData: (228, 1170, 1025)
Shape labelData: (228, 1170, 5)
truelabels (228, 1170, 5)
Shape featuresTable: (228, 1170, 1025) | Shape labelvec: (228, 1170, 5)
doKerasModelTesting
:) doKerasModelTesting
Testing time: 0:00:04.815832
confusion_matrix: [actual_neg=[TN, FP]; actual_pos=[FN, TP]]
[[53387  3918]
 [ 5108  2737]]
The best cut-off value is: 0.74
Testing Metrics ppi,  ValAcc: 0.861458173445894 specScore: 93.16% presScore: 41.13% recallScore: 34.89% F1Score: 37.75% MCC: 30.14% AUC: 79.70% AP: 35.97%
Testing Metrics rsa,  pcc: 43.35%, pvalue: 0.00%
Testing Metrics ss3,  pcc: 87.87%, pvalue: 0.00%
:) plotMetrics

## Generating metrics-data per protein for @@: ../models/mtnet-ppi/metrics-per-prot-mtnet-ppi.csv @@
## Prediction plot generated for: ../models/mtnet-ppi/PPLOTS_preds-BLTEST_P.html
